{"/Users/roberto/Repositorio6/kilo-code-web/src/App.jsx": {"path":"/Users/roberto/Repositorio6/kilo-code-web/src/App.jsx","statementMap":{"0":{"start":{"line":24,"column":16},"end":{"line":24,"column":75}},"1":{"start":{"line":27,"column":34},"end":{"line":27,"column":46}},"2":{"start":{"line":28,"column":50},"end":{"line":28,"column":62}},"3":{"start":{"line":29,"column":32},"end":{"line":29,"column":46}},"4":{"start":{"line":30,"column":34},"end":{"line":30,"column":49}},"5":{"start":{"line":31,"column":34},"end":{"line":31,"column":50}},"6":{"start":{"line":32,"column":48},"end":{"line":32,"column":62}},"7":{"start":{"line":33,"column":42},"end":{"line":33,"column":57}},"8":{"start":{"line":34,"column":46},"end":{"line":36,"column":4}},"9":{"start":{"line":35,"column":4},"end":{"line":35,"column":74}},"10":{"start":{"line":37,"column":52},"end":{"line":37,"column":67}},"11":{"start":{"line":38,"column":54},"end":{"line":38,"column":69}},"12":{"start":{"line":39,"column":40},"end":{"line":39,"column":55}},"13":{"start":{"line":40,"column":16},"end":{"line":40,"column":26}},"14":{"start":{"line":41,"column":22},"end":{"line":41,"column":34}},"15":{"start":{"line":42,"column":39},"end":{"line":42,"column":55}},"16":{"start":{"line":43,"column":33},"end":{"line":43,"column":43}},"17":{"start":{"line":44,"column":54},"end":{"line":44,"column":63}},"18":{"start":{"line":47,"column":23},"end":{"line":47,"column":61}},"19":{"start":{"line":49,"column":2},"end":{"line":51,"column":9}},"20":{"start":{"line":50,"column":4},"end":{"line":50,"column":20}},"21":{"start":{"line":54,"column":2},"end":{"line":75,"column":5}},"22":{"start":{"line":55,"column":43},"end":{"line":55,"column":60}},"23":{"start":{"line":56,"column":43},"end":{"line":56,"column":70}},"24":{"start":{"line":58,"column":6},"end":{"line":58,"column":27}},"25":{"start":{"line":59,"column":6},"end":{"line":62,"column":14}},"26":{"start":{"line":60,"column":28},"end":{"line":60,"column":72}},"27":{"start":{"line":61,"column":8},"end":{"line":61,"column":29}},"28":{"start":{"line":65,"column":6},"end":{"line":65,"column":25}},"29":{"start":{"line":66,"column":6},"end":{"line":66,"column":29}},"30":{"start":{"line":67,"column":6},"end":{"line":67,"column":35}},"31":{"start":{"line":68,"column":6},"end":{"line":68,"column":34}},"32":{"start":{"line":70,"column":31},"end":{"line":70,"column":85}},"33":{"start":{"line":70,"column":51},"end":{"line":70,"column":84}},"34":{"start":{"line":71,"column":31},"end":{"line":71,"column":60}},"35":{"start":{"line":71,"column":54},"end":{"line":71,"column":59}},"36":{"start":{"line":72,"column":31},"end":{"line":72,"column":46}},"37":{"start":{"line":73,"column":31},"end":{"line":73,"column":46}},"38":{"start":{"line":74,"column":31},"end":{"line":74,"column":57}},"39":{"start":{"line":77,"column":24},"end":{"line":91,"column":3}},"40":{"start":{"line":78,"column":4},"end":{"line":90,"column":5}},"41":{"start":{"line":79,"column":6},"end":{"line":79,"column":23}},"42":{"start":{"line":80,"column":23},"end":{"line":82,"column":8}},"43":{"start":{"line":83,"column":19},"end":{"line":83,"column":40}},"44":{"start":{"line":84,"column":6},"end":{"line":84,"column":24}},"45":{"start":{"line":86,"column":6},"end":{"line":86,"column":55}},"46":{"start":{"line":87,"column":6},"end":{"line":87,"column":51}},"47":{"start":{"line":89,"column":6},"end":{"line":89,"column":24}},"48":{"start":{"line":93,"column":27},"end":{"line":118,"column":3}},"49":{"start":{"line":94,"column":4},"end":{"line":117,"column":5}},"50":{"start":{"line":95,"column":6},"end":{"line":95,"column":50}},"51":{"start":{"line":96,"column":23},"end":{"line":101,"column":8}},"52":{"start":{"line":103,"column":19},"end":{"line":103,"column":40}},"53":{"start":{"line":104,"column":6},"end":{"line":104,"column":38}},"54":{"start":{"line":106,"column":6},"end":{"line":113,"column":7}},"55":{"start":{"line":107,"column":8},"end":{"line":107,"column":24}},"56":{"start":{"line":108,"column":8},"end":{"line":108,"column":27}},"57":{"start":{"line":109,"column":8},"end":{"line":109,"column":78}},"58":{"start":{"line":111,"column":8},"end":{"line":111,"column":51}},"59":{"start":{"line":112,"column":8},"end":{"line":112,"column":65}},"60":{"start":{"line":115,"column":6},"end":{"line":115,"column":52}},"61":{"start":{"line":116,"column":6},"end":{"line":116,"column":49}},"62":{"start":{"line":120,"column":30},"end":{"line":145,"column":3}},"63":{"start":{"line":121,"column":22},"end":{"line":127,"column":6}},"64":{"start":{"line":129,"column":4},"end":{"line":129,"column":27}},"65":{"start":{"line":129,"column":20},"end":{"line":129,"column":27}},"66":{"start":{"line":131,"column":4},"end":{"line":144,"column":5}},"67":{"start":{"line":132,"column":23},"end":{"line":135,"column":8}},"68":{"start":{"line":137,"column":6},"end":{"line":140,"column":7}},"69":{"start":{"line":138,"column":8},"end":{"line":138,"column":24}},"70":{"start":{"line":139,"column":8},"end":{"line":139,"column":58}},"71":{"start":{"line":142,"column":6},"end":{"line":142,"column":54}},"72":{"start":{"line":143,"column":6},"end":{"line":143,"column":51}},"73":{"start":{"line":147,"column":29},"end":{"line":162,"column":3}},"74":{"start":{"line":148,"column":4},"end":{"line":161,"column":5}},"75":{"start":{"line":149,"column":23},"end":{"line":152,"column":8}},"76":{"start":{"line":154,"column":6},"end":{"line":157,"column":7}},"77":{"start":{"line":155,"column":8},"end":{"line":155,"column":24}},"78":{"start":{"line":156,"column":8},"end":{"line":156,"column":46}},"79":{"start":{"line":159,"column":6},"end":{"line":159,"column":54}},"80":{"start":{"line":160,"column":6},"end":{"line":160,"column":52}},"81":{"start":{"line":164,"column":25},"end":{"line":179,"column":3}},"82":{"start":{"line":165,"column":4},"end":{"line":178,"column":5}},"83":{"start":{"line":166,"column":23},"end":{"line":169,"column":8}},"84":{"start":{"line":171,"column":6},"end":{"line":174,"column":7}},"85":{"start":{"line":172,"column":8},"end":{"line":172,"column":24}},"86":{"start":{"line":173,"column":8},"end":{"line":173,"column":69}},"87":{"start":{"line":176,"column":6},"end":{"line":176,"column":59}},"88":{"start":{"line":177,"column":6},"end":{"line":177,"column":54}},"89":{"start":{"line":181,"column":41},"end":{"line":184,"column":3}},"90":{"start":{"line":182,"column":4},"end":{"line":182,"column":32}},"91":{"start":{"line":183,"column":4},"end":{"line":183,"column":26}},"92":{"start":{"line":187,"column":2},"end":{"line":189,"column":3}},"93":{"start":{"line":188,"column":4},"end":{"line":188,"column":26}},"94":{"start":{"line":192,"column":2},"end":{"line":201,"column":3}},"95":{"start":{"line":193,"column":4},"end":{"line":200,"column":6}},"96":{"start":{"line":204,"column":2},"end":{"line":206,"column":3}},"97":{"start":{"line":205,"column":4},"end":{"line":205,"column":21}},"98":{"start":{"line":208,"column":2},"end":{"line":334,"column":4}},"99":{"start":{"line":211,"column":26},"end":{"line":211,"column":48}},"100":{"start":{"line":216,"column":36},"end":{"line":216,"column":63}},"101":{"start":{"line":237,"column":34},"end":{"line":237,"column":52}},"102":{"start":{"line":244,"column":44},"end":{"line":244,"column":61}},"103":{"start":{"line":254,"column":34},"end":{"line":254,"column":62}},"104":{"start":{"line":271,"column":22},"end":{"line":271,"column":50}},"105":{"start":{"line":272,"column":22},"end":{"line":272,"column":44}},"106":{"start":{"line":290,"column":20},"end":{"line":290,"column":43}},"107":{"start":{"line":291,"column":20},"end":{"line":291,"column":45}},"108":{"start":{"line":308,"column":23},"end":{"line":308,"column":47}},"109":{"start":{"line":315,"column":23},"end":{"line":315,"column":50}},"110":{"start":{"line":321,"column":23},"end":{"line":321,"column":51}},"111":{"start":{"line":324,"column":28},"end":{"line":324,"column":45}},"112":{"start":{"line":325,"column":28},"end":{"line":325,"column":82}},"113":{"start":{"line":325,"column":48},"end":{"line":325,"column":81}},"114":{"start":{"line":326,"column":31},"end":{"line":326,"column":59}}},"fnMap":{"0":{"name":"App","decl":{"start":{"line":26,"column":9},"end":{"line":26,"column":12}},"loc":{"start":{"line":26,"column":15},"end":{"line":335,"column":1}},"line":26},"1":{"name":"(anonymous_1)","decl":{"start":{"line":34,"column":55},"end":{"line":34,"column":56}},"loc":{"start":{"line":34,"column":61},"end":{"line":36,"column":3}},"line":34},"2":{"name":"(anonymous_2)","decl":{"start":{"line":49,"column":12},"end":{"line":49,"column":13}},"loc":{"start":{"line":49,"column":18},"end":{"line":51,"column":3}},"line":49},"3":{"name":"(anonymous_3)","decl":{"start":{"line":55,"column":37},"end":{"line":55,"column":38}},"loc":{"start":{"line":55,"column":43},"end":{"line":55,"column":60}},"line":55},"4":{"name":"(anonymous_4)","decl":{"start":{"line":56,"column":37},"end":{"line":56,"column":38}},"loc":{"start":{"line":56,"column":43},"end":{"line":56,"column":70}},"line":56},"5":{"name":"(anonymous_5)","decl":{"start":{"line":57,"column":25},"end":{"line":57,"column":26}},"loc":{"start":{"line":57,"column":31},"end":{"line":63,"column":5}},"line":57},"6":{"name":"(anonymous_6)","decl":{"start":{"line":59,"column":17},"end":{"line":59,"column":18}},"loc":{"start":{"line":59,"column":23},"end":{"line":62,"column":7}},"line":59},"7":{"name":"(anonymous_7)","decl":{"start":{"line":64,"column":30},"end":{"line":64,"column":31}},"loc":{"start":{"line":64,"column":36},"end":{"line":69,"column":5}},"line":64},"8":{"name":"(anonymous_8)","decl":{"start":{"line":70,"column":25},"end":{"line":70,"column":26}},"loc":{"start":{"line":70,"column":31},"end":{"line":70,"column":85}},"line":70},"9":{"name":"(anonymous_9)","decl":{"start":{"line":70,"column":43},"end":{"line":70,"column":44}},"loc":{"start":{"line":70,"column":51},"end":{"line":70,"column":84}},"line":70},"10":{"name":"(anonymous_10)","decl":{"start":{"line":71,"column":25},"end":{"line":71,"column":26}},"loc":{"start":{"line":71,"column":31},"end":{"line":71,"column":60}},"line":71},"11":{"name":"(anonymous_11)","decl":{"start":{"line":71,"column":46},"end":{"line":71,"column":47}},"loc":{"start":{"line":71,"column":54},"end":{"line":71,"column":59}},"line":71},"12":{"name":"(anonymous_12)","decl":{"start":{"line":72,"column":25},"end":{"line":72,"column":26}},"loc":{"start":{"line":72,"column":31},"end":{"line":72,"column":46}},"line":72},"13":{"name":"(anonymous_13)","decl":{"start":{"line":73,"column":25},"end":{"line":73,"column":26}},"loc":{"start":{"line":73,"column":31},"end":{"line":73,"column":46}},"line":73},"14":{"name":"(anonymous_14)","decl":{"start":{"line":74,"column":25},"end":{"line":74,"column":26}},"loc":{"start":{"line":74,"column":31},"end":{"line":74,"column":57}},"line":74},"15":{"name":"(anonymous_15)","decl":{"start":{"line":77,"column":24},"end":{"line":77,"column":25}},"loc":{"start":{"line":77,"column":36},"end":{"line":91,"column":3}},"line":77},"16":{"name":"(anonymous_16)","decl":{"start":{"line":93,"column":27},"end":{"line":93,"column":28}},"loc":{"start":{"line":93,"column":50},"end":{"line":118,"column":3}},"line":93},"17":{"name":"(anonymous_17)","decl":{"start":{"line":120,"column":30},"end":{"line":120,"column":31}},"loc":{"start":{"line":120,"column":57},"end":{"line":145,"column":3}},"line":120},"18":{"name":"(anonymous_18)","decl":{"start":{"line":147,"column":29},"end":{"line":147,"column":30}},"loc":{"start":{"line":147,"column":43},"end":{"line":162,"column":3}},"line":147},"19":{"name":"(anonymous_19)","decl":{"start":{"line":164,"column":25},"end":{"line":164,"column":26}},"loc":{"start":{"line":164,"column":37},"end":{"line":179,"column":3}},"line":164},"20":{"name":"(anonymous_20)","decl":{"start":{"line":181,"column":41},"end":{"line":181,"column":42}},"loc":{"start":{"line":181,"column":54},"end":{"line":184,"column":3}},"line":181},"21":{"name":"(anonymous_21)","decl":{"start":{"line":211,"column":20},"end":{"line":211,"column":21}},"loc":{"start":{"line":211,"column":26},"end":{"line":211,"column":48}},"line":211},"22":{"name":"(anonymous_22)","decl":{"start":{"line":216,"column":30},"end":{"line":216,"column":31}},"loc":{"start":{"line":216,"column":36},"end":{"line":216,"column":63}},"line":216},"23":{"name":"(anonymous_23)","decl":{"start":{"line":237,"column":28},"end":{"line":237,"column":29}},"loc":{"start":{"line":237,"column":34},"end":{"line":237,"column":52}},"line":237},"24":{"name":"(anonymous_24)","decl":{"start":{"line":244,"column":38},"end":{"line":244,"column":39}},"loc":{"start":{"line":244,"column":44},"end":{"line":244,"column":61}},"line":244},"25":{"name":"(anonymous_25)","decl":{"start":{"line":254,"column":28},"end":{"line":254,"column":29}},"loc":{"start":{"line":254,"column":34},"end":{"line":254,"column":62}},"line":254},"26":{"name":"(anonymous_26)","decl":{"start":{"line":270,"column":35},"end":{"line":270,"column":36}},"loc":{"start":{"line":270,"column":48},"end":{"line":273,"column":21}},"line":270},"27":{"name":"(anonymous_27)","decl":{"start":{"line":289,"column":27},"end":{"line":289,"column":28}},"loc":{"start":{"line":289,"column":33},"end":{"line":292,"column":19}},"line":289},"28":{"name":"(anonymous_28)","decl":{"start":{"line":308,"column":17},"end":{"line":308,"column":18}},"loc":{"start":{"line":308,"column":23},"end":{"line":308,"column":47}},"line":308},"29":{"name":"(anonymous_29)","decl":{"start":{"line":315,"column":17},"end":{"line":315,"column":18}},"loc":{"start":{"line":315,"column":23},"end":{"line":315,"column":50}},"line":315},"30":{"name":"(anonymous_30)","decl":{"start":{"line":321,"column":17},"end":{"line":321,"column":18}},"loc":{"start":{"line":321,"column":23},"end":{"line":321,"column":51}},"line":321},"31":{"name":"(anonymous_31)","decl":{"start":{"line":324,"column":22},"end":{"line":324,"column":23}},"loc":{"start":{"line":324,"column":28},"end":{"line":324,"column":45}},"line":324},"32":{"name":"(anonymous_32)","decl":{"start":{"line":325,"column":22},"end":{"line":325,"column":23}},"loc":{"start":{"line":325,"column":28},"end":{"line":325,"column":82}},"line":325},"33":{"name":"(anonymous_33)","decl":{"start":{"line":325,"column":40},"end":{"line":325,"column":41}},"loc":{"start":{"line":325,"column":48},"end":{"line":325,"column":81}},"line":325},"34":{"name":"(anonymous_34)","decl":{"start":{"line":326,"column":25},"end":{"line":326,"column":26}},"loc":{"start":{"line":326,"column":31},"end":{"line":326,"column":59}},"line":326}},"branchMap":{"0":{"loc":{"start":{"line":24,"column":16},"end":{"line":24,"column":75}},"type":"binary-expr","locations":[{"start":{"line":24,"column":16},"end":{"line":24,"column":44}},{"start":{"line":24,"column":48},"end":{"line":24,"column":75}}],"line":24},"1":{"loc":{"start":{"line":70,"column":51},"end":{"line":70,"column":84}},"type":"cond-expr","locations":[{"start":{"line":70,"column":69},"end":{"line":70,"column":75}},{"start":{"line":70,"column":78},"end":{"line":70,"column":84}}],"line":70},"2":{"loc":{"start":{"line":106,"column":6},"end":{"line":113,"column":7}},"type":"if","locations":[{"start":{"line":106,"column":6},"end":{"line":113,"column":7}},{"start":{"line":110,"column":13},"end":{"line":113,"column":7}}],"line":106},"3":{"loc":{"start":{"line":112,"column":20},"end":{"line":112,"column":63}},"type":"binary-expr","locations":[{"start":{"line":112,"column":20},"end":{"line":112,"column":30}},{"start":{"line":112,"column":34},"end":{"line":112,"column":63}}],"line":112},"4":{"loc":{"start":{"line":129,"column":4},"end":{"line":129,"column":27}},"type":"if","locations":[{"start":{"line":129,"column":4},"end":{"line":129,"column":27}},{"start":{},"end":{}}],"line":129},"5":{"loc":{"start":{"line":137,"column":6},"end":{"line":140,"column":7}},"type":"if","locations":[{"start":{"line":137,"column":6},"end":{"line":140,"column":7}},{"start":{},"end":{}}],"line":137},"6":{"loc":{"start":{"line":154,"column":6},"end":{"line":157,"column":7}},"type":"if","locations":[{"start":{"line":154,"column":6},"end":{"line":157,"column":7}},{"start":{},"end":{}}],"line":154},"7":{"loc":{"start":{"line":171,"column":6},"end":{"line":174,"column":7}},"type":"if","locations":[{"start":{"line":171,"column":6},"end":{"line":174,"column":7}},{"start":{},"end":{}}],"line":171},"8":{"loc":{"start":{"line":187,"column":2},"end":{"line":189,"column":3}},"type":"if","locations":[{"start":{"line":187,"column":2},"end":{"line":189,"column":3}},{"start":{},"end":{}}],"line":187},"9":{"loc":{"start":{"line":192,"column":2},"end":{"line":201,"column":3}},"type":"if","locations":[{"start":{"line":192,"column":2},"end":{"line":201,"column":3}},{"start":{},"end":{}}],"line":192},"10":{"loc":{"start":{"line":204,"column":2},"end":{"line":206,"column":3}},"type":"if","locations":[{"start":{"line":204,"column":2},"end":{"line":206,"column":3}},{"start":{},"end":{}}],"line":204},"11":{"loc":{"start":{"line":209,"column":79},"end":{"line":209,"column":110}},"type":"cond-expr","locations":[{"start":{"line":209,"column":91},"end":{"line":209,"column":105}},{"start":{"line":209,"column":108},"end":{"line":209,"column":110}}],"line":209},"12":{"loc":{"start":{"line":219,"column":86},"end":{"line":219,"column":113}},"type":"cond-expr","locations":[{"start":{"line":219,"column":98},"end":{"line":219,"column":104}},{"start":{"line":219,"column":107},"end":{"line":219,"column":113}}],"line":219},"13":{"loc":{"start":{"line":220,"column":9},"end":{"line":297,"column":9}},"type":"cond-expr","locations":[{"start":{"line":221,"column":10},"end":{"line":224,"column":16}},{"start":{"line":226,"column":10},"end":{"line":296,"column":16}}],"line":220},"14":{"loc":{"start":{"line":226,"column":26},"end":{"line":226,"column":63}},"type":"cond-expr","locations":[{"start":{"line":226,"column":38},"end":{"line":226,"column":49}},{"start":{"line":226,"column":52},"end":{"line":226,"column":63}}],"line":226},"15":{"loc":{"start":{"line":228,"column":13},"end":{"line":230,"column":13}},"type":"binary-expr","locations":[{"start":{"line":228,"column":13},"end":{"line":228,"column":32}},{"start":{"line":229,"column":14},"end":{"line":229,"column":74}}],"line":228},"16":{"loc":{"start":{"line":233,"column":13},"end":{"line":240,"column":13}},"type":"binary-expr","locations":[{"start":{"line":233,"column":13},"end":{"line":233,"column":21}},{"start":{"line":234,"column":14},"end":{"line":239,"column":21}}],"line":233},"17":{"loc":{"start":{"line":243,"column":13},"end":{"line":295,"column":13}},"type":"cond-expr","locations":[{"start":{"line":244,"column":14},"end":{"line":244,"column":65}},{"start":{"line":246,"column":14},"end":{"line":294,"column":20}}],"line":243},"18":{"loc":{"start":{"line":259,"column":17},"end":{"line":283,"column":17}},"type":"cond-expr","locations":[{"start":{"line":260,"column":18},"end":{"line":264,"column":24}},{"start":{"line":265,"column":20},"end":{"line":283,"column":17}}],"line":259},"19":{"loc":{"start":{"line":265,"column":20},"end":{"line":283,"column":17}},"type":"cond-expr","locations":[{"start":{"line":266,"column":18},"end":{"line":275,"column":20}},{"start":{"line":277,"column":18},"end":{"line":282,"column":20}}],"line":265},"20":{"loc":{"start":{"line":325,"column":48},"end":{"line":325,"column":81}},"type":"cond-expr","locations":[{"start":{"line":325,"column":66},"end":{"line":325,"column":72}},{"start":{"line":325,"column":75},"end":{"line":325,"column":81}}],"line":325}},"s":{"0":0,"1":0,"2":0,"3":0,"4":0,"5":0,"6":0,"7":0,"8":0,"9":0,"10":0,"11":0,"12":0,"13":0,"14":0,"15":0,"16":0,"17":0,"18":0,"19":0,"20":0,"21":0,"22":0,"23":0,"24":0,"25":0,"26":0,"27":0,"28":0,"29":0,"30":0,"31":0,"32":0,"33":0,"34":0,"35":0,"36":0,"37":0,"38":0,"39":0,"40":0,"41":0,"42":0,"43":0,"44":0,"45":0,"46":0,"47":0,"48":0,"49":0,"50":0,"51":0,"52":0,"53":0,"54":0,"55":0,"56":0,"57":0,"58":0,"59":0,"60":0,"61":0,"62":0,"63":0,"64":0,"65":0,"66":0,"67":0,"68":0,"69":0,"70":0,"71":0,"72":0,"73":0,"74":0,"75":0,"76":0,"77":0,"78":0,"79":0,"80":0,"81":0,"82":0,"83":0,"84":0,"85":0,"86":0,"87":0,"88":0,"89":0,"90":0,"91":0,"92":0,"93":0,"94":0,"95":0,"96":0,"97":0,"98":0,"99":0,"100":0,"101":0,"102":0,"103":0,"104":0,"105":0,"106":0,"107":0,"108":0,"109":0,"110":0,"111":0,"112":0,"113":0,"114":0},"f":{"0":0,"1":0,"2":0,"3":0,"4":0,"5":0,"6":0,"7":0,"8":0,"9":0,"10":0,"11":0,"12":0,"13":0,"14":0,"15":0,"16":0,"17":0,"18":0,"19":0,"20":0,"21":0,"22":0,"23":0,"24":0,"25":0,"26":0,"27":0,"28":0,"29":0,"30":0,"31":0,"32":0,"33":0,"34":0},"b":{"0":[0,0],"1":[0,0],"2":[0,0],"3":[0,0],"4":[0,0],"5":[0,0],"6":[0,0],"7":[0,0],"8":[0,0],"9":[0,0],"10":[0,0],"11":[0,0],"12":[0,0],"13":[0,0],"14":[0,0],"15":[0,0],"16":[0,0],"17":[0,0],"18":[0,0],"19":[0,0],"20":[0,0]}}
,"/Users/roberto/Repositorio6/kilo-code-web/src/components/CommandPalette.jsx": {"path":"/Users/roberto/Repositorio6/kilo-code-web/src/components/CommandPalette.jsx","statementMap":{"0":{"start":{"line":18,"column":30},"end":{"line":18,"column":42}},"1":{"start":{"line":19,"column":44},"end":{"line":19,"column":55}},"2":{"start":{"line":20,"column":19},"end":{"line":20,"column":31}},"3":{"start":{"line":22,"column":23},"end":{"line":26,"column":15}},"4":{"start":{"line":23,"column":4},"end":{"line":25,"column":5}},"5":{"start":{"line":24,"column":6},"end":{"line":24,"column":16}},"6":{"start":{"line":28,"column":2},"end":{"line":41,"column":29}},"7":{"start":{"line":29,"column":4},"end":{"line":40,"column":5}},"8":{"start":{"line":30,"column":6},"end":{"line":30,"column":20}},"9":{"start":{"line":31,"column":6},"end":{"line":31,"column":26}},"10":{"start":{"line":32,"column":20},"end":{"line":35,"column":13}},"11":{"start":{"line":33,"column":8},"end":{"line":33,"column":34}},"12":{"start":{"line":34,"column":8},"end":{"line":34,"column":59}},"13":{"start":{"line":36,"column":6},"end":{"line":39,"column":8}},"14":{"start":{"line":37,"column":8},"end":{"line":37,"column":28}},"15":{"start":{"line":38,"column":8},"end":{"line":38,"column":62}},"16":{"start":{"line":44,"column":27},"end":{"line":50,"column":24}},"17":{"start":{"line":45,"column":4},"end":{"line":45,"column":34}},"18":{"start":{"line":45,"column":24},"end":{"line":45,"column":34}},"19":{"start":{"line":46,"column":4},"end":{"line":49,"column":18}},"20":{"start":{"line":47,"column":6},"end":{"line":48,"column":56}},"21":{"start":{"line":53,"column":18},"end":{"line":60,"column":107}},"22":{"start":{"line":53,"column":32},"end":{"line":60,"column":3}},"23":{"start":{"line":63,"column":19},"end":{"line":72,"column":33}},"24":{"start":{"line":64,"column":18},"end":{"line":64,"column":20}},"25":{"start":{"line":65,"column":4},"end":{"line":68,"column":5}},"26":{"start":{"line":66,"column":6},"end":{"line":66,"column":57}},"27":{"start":{"line":67,"column":6},"end":{"line":67,"column":79}},"28":{"start":{"line":67,"column":47},"end":{"line":67,"column":75}},"29":{"start":{"line":69,"column":4},"end":{"line":69,"column":54}},"30":{"start":{"line":70,"column":4},"end":{"line":70,"column":67}},"31":{"start":{"line":70,"column":36},"end":{"line":70,"column":63}},"32":{"start":{"line":71,"column":4},"end":{"line":71,"column":17}},"33":{"start":{"line":75,"column":2},"end":{"line":105,"column":66}},"34":{"start":{"line":76,"column":26},"end":{"line":101,"column":5}},"35":{"start":{"line":77,"column":6},"end":{"line":77,"column":26}},"36":{"start":{"line":77,"column":19},"end":{"line":77,"column":26}},"37":{"start":{"line":79,"column":6},"end":{"line":100,"column":7}},"38":{"start":{"line":80,"column":8},"end":{"line":80,"column":27}},"39":{"start":{"line":81,"column":8},"end":{"line":81,"column":96}},"40":{"start":{"line":81,"column":33},"end":{"line":81,"column":94}},"41":{"start":{"line":81,"column":67},"end":{"line":81,"column":86}},"42":{"start":{"line":82,"column":13},"end":{"line":100,"column":7}},"43":{"start":{"line":83,"column":8},"end":{"line":83,"column":27}},"44":{"start":{"line":84,"column":8},"end":{"line":84,"column":147}},"45":{"start":{"line":84,"column":33},"end":{"line":84,"column":145}},"46":{"start":{"line":84,"column":66},"end":{"line":84,"column":85}},"47":{"start":{"line":84,"column":118},"end":{"line":84,"column":137}},"48":{"start":{"line":85,"column":13},"end":{"line":100,"column":7}},"49":{"start":{"line":86,"column":8},"end":{"line":86,"column":27}},"50":{"start":{"line":87,"column":32},"end":{"line":87,"column":73}},"51":{"start":{"line":87,"column":53},"end":{"line":87,"column":72}},"52":{"start":{"line":88,"column":25},"end":{"line":88,"column":55}},"53":{"start":{"line":89,"column":8},"end":{"line":99,"column":9}},"54":{"start":{"line":90,"column":10},"end":{"line":98,"column":11}},"55":{"start":{"line":91,"column":12},"end":{"line":91,"column":43}},"56":{"start":{"line":92,"column":12},"end":{"line":92,"column":22}},"57":{"start":{"line":93,"column":17},"end":{"line":98,"column":11}},"58":{"start":{"line":94,"column":12},"end":{"line":94,"column":35}},"59":{"start":{"line":95,"column":12},"end":{"line":97,"column":13}},"60":{"start":{"line":96,"column":14},"end":{"line":96,"column":24}},"61":{"start":{"line":103,"column":4},"end":{"line":103,"column":54}},"62":{"start":{"line":104,"column":4},"end":{"line":104,"column":70}},"63":{"start":{"line":104,"column":17},"end":{"line":104,"column":69}},"64":{"start":{"line":107,"column":2},"end":{"line":107,"column":27}},"65":{"start":{"line":107,"column":15},"end":{"line":107,"column":27}},"66":{"start":{"line":109,"column":24},"end":{"line":109,"column":26}},"67":{"start":{"line":111,"column":2},"end":{"line":231,"column":4}},"68":{"start":{"line":122,"column":14},"end":{"line":122,"column":40}},"69":{"start":{"line":123,"column":14},"end":{"line":123,"column":34}},"70":{"start":{"line":136,"column":12},"end":{"line":142,"column":13}},"71":{"start":{"line":137,"column":14},"end":{"line":141,"column":16}},"72":{"start":{"line":144,"column":12},"end":{"line":144,"column":30}},"73":{"start":{"line":145,"column":31},"end":{"line":145,"column":64}},"74":{"start":{"line":146,"column":32},"end":{"line":146,"column":47}},"75":{"start":{"line":148,"column":12},"end":{"line":179,"column":13}},"76":{"start":{"line":149,"column":30},"end":{"line":149,"column":39}},"77":{"start":{"line":150,"column":14},"end":{"line":178,"column":16}},"78":{"start":{"line":154,"column":20},"end":{"line":154,"column":45}},"79":{"start":{"line":155,"column":20},"end":{"line":155,"column":30}},"80":{"start":{"line":157,"column":38},"end":{"line":157,"column":67}},"81":{"start":{"line":181,"column":12},"end":{"line":209,"column":13}},"82":{"start":{"line":182,"column":29},"end":{"line":182,"column":38}},"83":{"start":{"line":183,"column":27},"end":{"line":183,"column":38}},"84":{"start":{"line":184,"column":14},"end":{"line":208,"column":16}},"85":{"start":{"line":188,"column":20},"end":{"line":188,"column":36}},"86":{"start":{"line":189,"column":20},"end":{"line":191,"column":21}},"87":{"start":{"line":190,"column":22},"end":{"line":190,"column":32}},"88":{"start":{"line":193,"column":38},"end":{"line":193,"column":67}},"89":{"start":{"line":211,"column":12},"end":{"line":211,"column":24}},"90":{"start":{"line":227,"column":38},"end":{"line":227,"column":57}}},"fnMap":{"0":{"name":"CommandPalette","decl":{"start":{"line":4,"column":24},"end":{"line":4,"column":38}},"loc":{"start":{"line":17,"column":3},"end":{"line":232,"column":1}},"line":17},"1":{"name":"(anonymous_1)","decl":{"start":{"line":22,"column":35},"end":{"line":22,"column":36}},"loc":{"start":{"line":22,"column":42},"end":{"line":26,"column":3}},"line":22},"2":{"name":"(anonymous_2)","decl":{"start":{"line":28,"column":12},"end":{"line":28,"column":13}},"loc":{"start":{"line":28,"column":18},"end":{"line":41,"column":3}},"line":28},"3":{"name":"(anonymous_3)","decl":{"start":{"line":32,"column":31},"end":{"line":32,"column":32}},"loc":{"start":{"line":32,"column":37},"end":{"line":35,"column":7}},"line":32},"4":{"name":"(anonymous_4)","decl":{"start":{"line":36,"column":13},"end":{"line":36,"column":14}},"loc":{"start":{"line":36,"column":19},"end":{"line":39,"column":7}},"line":36},"5":{"name":"(anonymous_5)","decl":{"start":{"line":44,"column":35},"end":{"line":44,"column":36}},"loc":{"start":{"line":44,"column":41},"end":{"line":50,"column":3}},"line":44},"6":{"name":"(anonymous_6)","decl":{"start":{"line":46,"column":27},"end":{"line":46,"column":28}},"loc":{"start":{"line":47,"column":6},"end":{"line":48,"column":56}},"line":47},"7":{"name":"(anonymous_7)","decl":{"start":{"line":53,"column":26},"end":{"line":53,"column":27}},"loc":{"start":{"line":53,"column":32},"end":{"line":60,"column":3}},"line":53},"8":{"name":"(anonymous_8)","decl":{"start":{"line":59,"column":94},"end":{"line":59,"column":95}},"loc":{"start":{"line":59,"column":100},"end":{"line":59,"column":102}},"line":59},"9":{"name":"(anonymous_9)","decl":{"start":{"line":63,"column":27},"end":{"line":63,"column":28}},"loc":{"start":{"line":63,"column":33},"end":{"line":72,"column":3}},"line":63},"10":{"name":"(anonymous_10)","decl":{"start":{"line":67,"column":41},"end":{"line":67,"column":42}},"loc":{"start":{"line":67,"column":47},"end":{"line":67,"column":75}},"line":67},"11":{"name":"(anonymous_11)","decl":{"start":{"line":70,"column":30},"end":{"line":70,"column":31}},"loc":{"start":{"line":70,"column":36},"end":{"line":70,"column":63}},"line":70},"12":{"name":"(anonymous_12)","decl":{"start":{"line":75,"column":12},"end":{"line":75,"column":13}},"loc":{"start":{"line":75,"column":18},"end":{"line":105,"column":3}},"line":75},"13":{"name":"(anonymous_13)","decl":{"start":{"line":76,"column":26},"end":{"line":76,"column":27}},"loc":{"start":{"line":76,"column":33},"end":{"line":101,"column":5}},"line":76},"14":{"name":"(anonymous_14)","decl":{"start":{"line":81,"column":25},"end":{"line":81,"column":26}},"loc":{"start":{"line":81,"column":33},"end":{"line":81,"column":94}},"line":81},"15":{"name":"(anonymous_15)","decl":{"start":{"line":81,"column":62},"end":{"line":81,"column":63}},"loc":{"start":{"line":81,"column":67},"end":{"line":81,"column":86}},"line":81},"16":{"name":"(anonymous_16)","decl":{"start":{"line":84,"column":25},"end":{"line":84,"column":26}},"loc":{"start":{"line":84,"column":33},"end":{"line":84,"column":145}},"line":84},"17":{"name":"(anonymous_17)","decl":{"start":{"line":84,"column":61},"end":{"line":84,"column":62}},"loc":{"start":{"line":84,"column":66},"end":{"line":84,"column":85}},"line":84},"18":{"name":"(anonymous_18)","decl":{"start":{"line":84,"column":113},"end":{"line":84,"column":114}},"loc":{"start":{"line":84,"column":118},"end":{"line":84,"column":137}},"line":84},"19":{"name":"(anonymous_19)","decl":{"start":{"line":87,"column":48},"end":{"line":87,"column":49}},"loc":{"start":{"line":87,"column":53},"end":{"line":87,"column":72}},"line":87},"20":{"name":"(anonymous_20)","decl":{"start":{"line":104,"column":11},"end":{"line":104,"column":12}},"loc":{"start":{"line":104,"column":17},"end":{"line":104,"column":69}},"line":104},"21":{"name":"(anonymous_21)","decl":{"start":{"line":121,"column":22},"end":{"line":121,"column":23}},"loc":{"start":{"line":121,"column":29},"end":{"line":124,"column":13}},"line":121},"22":{"name":"(anonymous_22)","decl":{"start":{"line":135,"column":24},"end":{"line":135,"column":25}},"loc":{"start":{"line":135,"column":41},"end":{"line":212,"column":11}},"line":135},"23":{"name":"(anonymous_23)","decl":{"start":{"line":153,"column":27},"end":{"line":153,"column":28}},"loc":{"start":{"line":153,"column":33},"end":{"line":156,"column":19}},"line":153},"24":{"name":"(anonymous_24)","decl":{"start":{"line":157,"column":32},"end":{"line":157,"column":33}},"loc":{"start":{"line":157,"column":38},"end":{"line":157,"column":67}},"line":157},"25":{"name":"(anonymous_25)","decl":{"start":{"line":187,"column":27},"end":{"line":187,"column":28}},"loc":{"start":{"line":187,"column":33},"end":{"line":192,"column":19}},"line":187},"26":{"name":"(anonymous_26)","decl":{"start":{"line":193,"column":32},"end":{"line":193,"column":33}},"loc":{"start":{"line":193,"column":38},"end":{"line":193,"column":67}},"line":193},"27":{"name":"(anonymous_27)","decl":{"start":{"line":227,"column":33},"end":{"line":227,"column":34}},"loc":{"start":{"line":227,"column":38},"end":{"line":227,"column":57}},"line":227}},"branchMap":{"0":{"loc":{"start":{"line":23,"column":4},"end":{"line":25,"column":5}},"type":"if","locations":[{"start":{"line":23,"column":4},"end":{"line":25,"column":5}},{"start":{},"end":{}}],"line":23},"1":{"loc":{"start":{"line":29,"column":4},"end":{"line":40,"column":5}},"type":"if","locations":[{"start":{"line":29,"column":4},"end":{"line":40,"column":5}},{"start":{},"end":{}}],"line":29},"2":{"loc":{"start":{"line":45,"column":4},"end":{"line":45,"column":34}},"type":"if","locations":[{"start":{"line":45,"column":4},"end":{"line":45,"column":34}},{"start":{},"end":{}}],"line":45},"3":{"loc":{"start":{"line":47,"column":6},"end":{"line":48,"column":56}},"type":"binary-expr","locations":[{"start":{"line":47,"column":6},"end":{"line":47,"column":57}},{"start":{"line":48,"column":6},"end":{"line":48,"column":56}}],"line":47},"4":{"loc":{"start":{"line":55,"column":44},"end":{"line":55,"column":82}},"type":"cond-expr","locations":[{"start":{"line":55,"column":66},"end":{"line":55,"column":73}},{"start":{"line":55,"column":76},"end":{"line":55,"column":82}}],"line":55},"5":{"loc":{"start":{"line":55,"column":92},"end":{"line":55,"column":131}},"type":"cond-expr","locations":[{"start":{"line":55,"column":114},"end":{"line":55,"column":118}},{"start":{"line":55,"column":121},"end":{"line":55,"column":131}}],"line":55},"6":{"loc":{"start":{"line":56,"column":31},"end":{"line":56,"column":66}},"type":"cond-expr","locations":[{"start":{"line":56,"column":45},"end":{"line":56,"column":54}},{"start":{"line":56,"column":57},"end":{"line":56,"column":66}}],"line":56},"7":{"loc":{"start":{"line":58,"column":44},"end":{"line":58,"column":81}},"type":"cond-expr","locations":[{"start":{"line":58,"column":63},"end":{"line":58,"column":70}},{"start":{"line":58,"column":73},"end":{"line":58,"column":81}}],"line":58},"8":{"loc":{"start":{"line":58,"column":91},"end":{"line":58,"column":120}},"type":"cond-expr","locations":[{"start":{"line":58,"column":110},"end":{"line":58,"column":113}},{"start":{"line":58,"column":116},"end":{"line":58,"column":120}}],"line":58},"9":{"loc":{"start":{"line":65,"column":4},"end":{"line":68,"column":5}},"type":"if","locations":[{"start":{"line":65,"column":4},"end":{"line":68,"column":5}},{"start":{},"end":{}}],"line":65},"10":{"loc":{"start":{"line":77,"column":6},"end":{"line":77,"column":26}},"type":"if","locations":[{"start":{"line":77,"column":6},"end":{"line":77,"column":26}},{"start":{},"end":{}}],"line":77},"11":{"loc":{"start":{"line":79,"column":6},"end":{"line":100,"column":7}},"type":"if","locations":[{"start":{"line":79,"column":6},"end":{"line":100,"column":7}},{"start":{"line":82,"column":13},"end":{"line":100,"column":7}}],"line":79},"12":{"loc":{"start":{"line":82,"column":13},"end":{"line":100,"column":7}},"type":"if","locations":[{"start":{"line":82,"column":13},"end":{"line":100,"column":7}},{"start":{"line":85,"column":13},"end":{"line":100,"column":7}}],"line":82},"13":{"loc":{"start":{"line":85,"column":13},"end":{"line":100,"column":7}},"type":"if","locations":[{"start":{"line":85,"column":13},"end":{"line":100,"column":7}},{"start":{},"end":{}}],"line":85},"14":{"loc":{"start":{"line":89,"column":8},"end":{"line":99,"column":9}},"type":"if","locations":[{"start":{"line":89,"column":8},"end":{"line":99,"column":9}},{"start":{},"end":{}}],"line":89},"15":{"loc":{"start":{"line":90,"column":10},"end":{"line":98,"column":11}},"type":"if","locations":[{"start":{"line":90,"column":10},"end":{"line":98,"column":11}},{"start":{"line":93,"column":17},"end":{"line":98,"column":11}}],"line":90},"16":{"loc":{"start":{"line":93,"column":17},"end":{"line":98,"column":11}},"type":"if","locations":[{"start":{"line":93,"column":17},"end":{"line":98,"column":11}},{"start":{},"end":{}}],"line":93},"17":{"loc":{"start":{"line":95,"column":12},"end":{"line":97,"column":13}},"type":"if","locations":[{"start":{"line":95,"column":12},"end":{"line":97,"column":13}},{"start":{},"end":{}}],"line":95},"18":{"loc":{"start":{"line":107,"column":2},"end":{"line":107,"column":27}},"type":"if","locations":[{"start":{"line":107,"column":2},"end":{"line":107,"column":27}},{"start":{},"end":{}}],"line":107},"19":{"loc":{"start":{"line":136,"column":12},"end":{"line":142,"column":13}},"type":"if","locations":[{"start":{"line":136,"column":12},"end":{"line":142,"column":13}},{"start":{},"end":{}}],"line":136},"20":{"loc":{"start":{"line":148,"column":12},"end":{"line":179,"column":13}},"type":"if","locations":[{"start":{"line":148,"column":12},"end":{"line":179,"column":13}},{"start":{},"end":{}}],"line":148},"21":{"loc":{"start":{"line":159,"column":20},"end":{"line":161,"column":70}},"type":"cond-expr","locations":[{"start":{"line":160,"column":24},"end":{"line":160,"column":56}},{"start":{"line":161,"column":24},"end":{"line":161,"column":70}}],"line":159},"22":{"loc":{"start":{"line":165,"column":20},"end":{"line":166,"column":80}},"type":"cond-expr","locations":[{"start":{"line":165,"column":50},"end":{"line":165,"column":66}},{"start":{"line":166,"column":20},"end":{"line":166,"column":80}}],"line":165},"23":{"loc":{"start":{"line":166,"column":20},"end":{"line":166,"column":80}},"type":"cond-expr","locations":[{"start":{"line":166,"column":51},"end":{"line":166,"column":63}},{"start":{"line":166,"column":66},"end":{"line":166,"column":80}}],"line":166},"24":{"loc":{"start":{"line":181,"column":12},"end":{"line":209,"column":13}},"type":"if","locations":[{"start":{"line":181,"column":12},"end":{"line":209,"column":13}},{"start":{},"end":{}}],"line":181},"25":{"loc":{"start":{"line":189,"column":20},"end":{"line":191,"column":21}},"type":"if","locations":[{"start":{"line":189,"column":20},"end":{"line":191,"column":21}},{"start":{},"end":{}}],"line":189},"26":{"loc":{"start":{"line":195,"column":20},"end":{"line":197,"column":70}},"type":"cond-expr","locations":[{"start":{"line":196,"column":24},"end":{"line":196,"column":56}},{"start":{"line":197,"column":24},"end":{"line":197,"column":70}}],"line":195}},"s":{"0":0,"1":0,"2":0,"3":0,"4":0,"5":0,"6":0,"7":0,"8":0,"9":0,"10":0,"11":0,"12":0,"13":0,"14":0,"15":0,"16":0,"17":0,"18":0,"19":0,"20":0,"21":0,"22":0,"23":0,"24":0,"25":0,"26":0,"27":0,"28":0,"29":0,"30":0,"31":0,"32":0,"33":0,"34":0,"35":0,"36":0,"37":0,"38":0,"39":0,"40":0,"41":0,"42":0,"43":0,"44":0,"45":0,"46":0,"47":0,"48":0,"49":0,"50":0,"51":0,"52":0,"53":0,"54":0,"55":0,"56":0,"57":0,"58":0,"59":0,"60":0,"61":0,"62":0,"63":0,"64":0,"65":0,"66":0,"67":0,"68":0,"69":0,"70":0,"71":0,"72":0,"73":0,"74":0,"75":0,"76":0,"77":0,"78":0,"79":0,"80":0,"81":0,"82":0,"83":0,"84":0,"85":0,"86":0,"87":0,"88":0,"89":0,"90":0},"f":{"0":0,"1":0,"2":0,"3":0,"4":0,"5":0,"6":0,"7":0,"8":0,"9":0,"10":0,"11":0,"12":0,"13":0,"14":0,"15":0,"16":0,"17":0,"18":0,"19":0,"20":0,"21":0,"22":0,"23":0,"24":0,"25":0,"26":0,"27":0},"b":{"0":[0,0],"1":[0,0],"2":[0,0],"3":[0,0],"4":[0,0],"5":[0,0],"6":[0,0],"7":[0,0],"8":[0,0],"9":[0,0],"10":[0,0],"11":[0,0],"12":[0,0],"13":[0,0],"14":[0,0],"15":[0,0],"16":[0,0],"17":[0,0],"18":[0,0],"19":[0,0],"20":[0,0],"21":[0,0],"22":[0,0],"23":[0,0],"24":[0,0],"25":[0,0],"26":[0,0]}}
,"/Users/roberto/Repositorio6/kilo-code-web/src/components/DashboardStats.jsx": {"path":"/Users/roberto/Repositorio6/kilo-code-web/src/components/DashboardStats.jsx","statementMap":{"0":{"start":{"line":5,"column":17},"end":{"line":29,"column":1}},"1":{"start":{"line":6,"column":23},"end":{"line":13,"column":3}},"2":{"start":{"line":15,"column":2},"end":{"line":28,"column":4}},"3":{"start":{"line":32,"column":22},"end":{"line":59,"column":1}},"4":{"start":{"line":33,"column":21},"end":{"line":33,"column":58}},"5":{"start":{"line":35,"column":23},"end":{"line":40,"column":3}},"6":{"start":{"line":42,"column":2},"end":{"line":58,"column":4}},"7":{"start":{"line":62,"column":16},"end":{"line":88,"column":16}},"8":{"start":{"line":63,"column":18},"end":{"line":63,"column":33}},"9":{"start":{"line":64,"column":19},"end":{"line":64,"column":69}},"10":{"start":{"line":64,"column":40},"end":{"line":64,"column":61}},"11":{"start":{"line":65,"column":20},"end":{"line":65,"column":97}},"12":{"start":{"line":65,"column":41},"end":{"line":65,"column":89}},"13":{"start":{"line":66,"column":20},"end":{"line":66,"column":84}},"14":{"start":{"line":66,"column":41},"end":{"line":66,"column":76}},"15":{"start":{"line":67,"column":21},"end":{"line":67,"column":73}},"16":{"start":{"line":67,"column":42},"end":{"line":67,"column":65}},"17":{"start":{"line":69,"column":28},"end":{"line":71,"column":101}},"18":{"start":{"line":70,"column":19},"end":{"line":70,"column":33}},"19":{"start":{"line":71,"column":26},"end":{"line":71,"column":46}},"20":{"start":{"line":71,"column":74},"end":{"line":71,"column":88}},"21":{"start":{"line":74,"column":31},"end":{"line":74,"column":77}},"22":{"start":{"line":74,"column":52},"end":{"line":74,"column":76}},"23":{"start":{"line":75,"column":22},"end":{"line":77,"column":30}},"24":{"start":{"line":76,"column":46},"end":{"line":76,"column":67}},"25":{"start":{"line":79,"column":4},"end":{"line":87,"column":6}},"26":{"start":{"line":90,"column":2},"end":{"line":112,"column":3}},"27":{"start":{"line":92,"column":4},"end":{"line":111,"column":6}},"28":{"start":{"line":114,"column":2},"end":{"line":207,"column":4}}},"fnMap":{"0":{"name":"(anonymous_0)","decl":{"start":{"line":5,"column":17},"end":{"line":5,"column":18}},"loc":{"start":{"line":5,"column":86},"end":{"line":29,"column":1}},"line":5},"1":{"name":"(anonymous_1)","decl":{"start":{"line":32,"column":22},"end":{"line":32,"column":23}},"loc":{"start":{"line":32,"column":58},"end":{"line":59,"column":1}},"line":32},"2":{"name":"DashboardStats","decl":{"start":{"line":61,"column":9},"end":{"line":61,"column":23}},"loc":{"start":{"line":61,"column":49},"end":{"line":208,"column":1}},"line":61},"3":{"name":"(anonymous_3)","decl":{"start":{"line":62,"column":24},"end":{"line":62,"column":25}},"loc":{"start":{"line":62,"column":30},"end":{"line":88,"column":3}},"line":62},"4":{"name":"(anonymous_4)","decl":{"start":{"line":64,"column":35},"end":{"line":64,"column":36}},"loc":{"start":{"line":64,"column":40},"end":{"line":64,"column":61}},"line":64},"5":{"name":"(anonymous_5)","decl":{"start":{"line":65,"column":36},"end":{"line":65,"column":37}},"loc":{"start":{"line":65,"column":41},"end":{"line":65,"column":89}},"line":65},"6":{"name":"(anonymous_6)","decl":{"start":{"line":66,"column":36},"end":{"line":66,"column":37}},"loc":{"start":{"line":66,"column":41},"end":{"line":66,"column":76}},"line":66},"7":{"name":"(anonymous_7)","decl":{"start":{"line":67,"column":37},"end":{"line":67,"column":38}},"loc":{"start":{"line":67,"column":42},"end":{"line":67,"column":65}},"line":67},"8":{"name":"(anonymous_8)","decl":{"start":{"line":70,"column":14},"end":{"line":70,"column":15}},"loc":{"start":{"line":70,"column":19},"end":{"line":70,"column":33}},"line":70},"9":{"name":"(anonymous_9)","decl":{"start":{"line":71,"column":14},"end":{"line":71,"column":15}},"loc":{"start":{"line":71,"column":26},"end":{"line":71,"column":46}},"line":71},"10":{"name":"(anonymous_10)","decl":{"start":{"line":71,"column":69},"end":{"line":71,"column":70}},"loc":{"start":{"line":71,"column":74},"end":{"line":71,"column":88}},"line":71},"11":{"name":"(anonymous_11)","decl":{"start":{"line":74,"column":47},"end":{"line":74,"column":48}},"loc":{"start":{"line":74,"column":52},"end":{"line":74,"column":76}},"line":74},"12":{"name":"(anonymous_12)","decl":{"start":{"line":76,"column":34},"end":{"line":76,"column":35}},"loc":{"start":{"line":76,"column":46},"end":{"line":76,"column":67}},"line":76}},"branchMap":{"0":{"loc":{"start":{"line":5,"column":65},"end":{"line":5,"column":79}},"type":"default-arg","locations":[{"start":{"line":5,"column":73},"end":{"line":5,"column":79}}],"line":5},"1":{"loc":{"start":{"line":19,"column":11},"end":{"line":19,"column":65}},"type":"binary-expr","locations":[{"start":{"line":19,"column":11},"end":{"line":19,"column":24}},{"start":{"line":19,"column":28},"end":{"line":19,"column":65}}],"line":19},"2":{"loc":{"start":{"line":24,"column":11},"end":{"line":24,"column":98}},"type":"binary-expr","locations":[{"start":{"line":24,"column":11},"end":{"line":24,"column":19}},{"start":{"line":24,"column":23},"end":{"line":24,"column":98}}],"line":24},"3":{"loc":{"start":{"line":33,"column":21},"end":{"line":33,"column":58}},"type":"cond-expr","locations":[{"start":{"line":33,"column":33},"end":{"line":33,"column":54}},{"start":{"line":33,"column":57},"end":{"line":33,"column":58}}],"line":33},"4":{"loc":{"start":{"line":65,"column":41},"end":{"line":65,"column":89}},"type":"binary-expr","locations":[{"start":{"line":65,"column":41},"end":{"line":65,"column":63}},{"start":{"line":65,"column":67},"end":{"line":65,"column":89}}],"line":65},"5":{"loc":{"start":{"line":66,"column":41},"end":{"line":66,"column":76}},"type":"binary-expr","locations":[{"start":{"line":66,"column":41},"end":{"line":66,"column":63}},{"start":{"line":66,"column":67},"end":{"line":66,"column":76}}],"line":66},"6":{"loc":{"start":{"line":69,"column":28},"end":{"line":71,"column":101}},"type":"binary-expr","locations":[{"start":{"line":69,"column":28},"end":{"line":71,"column":96}},{"start":{"line":71,"column":100},"end":{"line":71,"column":101}}],"line":69},"7":{"loc":{"start":{"line":75,"column":22},"end":{"line":77,"column":30}},"type":"cond-expr","locations":[{"start":{"line":76,"column":8},"end":{"line":76,"column":99}},{"start":{"line":77,"column":8},"end":{"line":77,"column":30}}],"line":75},"8":{"loc":{"start":{"line":76,"column":53},"end":{"line":76,"column":66}},"type":"binary-expr","locations":[{"start":{"line":76,"column":53},"end":{"line":76,"column":61}},{"start":{"line":76,"column":65},"end":{"line":76,"column":66}}],"line":76},"9":{"loc":{"start":{"line":90,"column":2},"end":{"line":112,"column":3}},"type":"if","locations":[{"start":{"line":90,"column":2},"end":{"line":112,"column":3}},{"start":{},"end":{}}],"line":90},"10":{"loc":{"start":{"line":137,"column":20},"end":{"line":137,"column":73}},"type":"cond-expr","locations":[{"start":{"line":137,"column":40},"end":{"line":137,"column":59}},{"start":{"line":137,"column":62},"end":{"line":137,"column":73}}],"line":137},"11":{"loc":{"start":{"line":145,"column":20},"end":{"line":145,"column":67}},"type":"cond-expr","locations":[{"start":{"line":145,"column":41},"end":{"line":145,"column":60}},{"start":{"line":145,"column":63},"end":{"line":145,"column":67}}],"line":145},"12":{"loc":{"start":{"line":168,"column":7},"end":{"line":205,"column":7}},"type":"binary-expr","locations":[{"start":{"line":168,"column":7},"end":{"line":168,"column":26}},{"start":{"line":169,"column":8},"end":{"line":204,"column":14}}],"line":168}},"s":{"0":0,"1":0,"2":0,"3":0,"4":0,"5":0,"6":0,"7":0,"8":0,"9":0,"10":0,"11":0,"12":0,"13":0,"14":0,"15":0,"16":0,"17":0,"18":0,"19":0,"20":0,"21":0,"22":0,"23":0,"24":0,"25":0,"26":0,"27":0,"28":0},"f":{"0":0,"1":0,"2":0,"3":0,"4":0,"5":0,"6":0,"7":0,"8":0,"9":0,"10":0,"11":0,"12":0},"b":{"0":[0],"1":[0,0],"2":[0,0],"3":[0,0],"4":[0,0],"5":[0,0],"6":[0,0],"7":[0,0],"8":[0,0],"9":[0,0],"10":[0,0],"11":[0,0],"12":[0,0]}}
,"/Users/roberto/Repositorio6/kilo-code-web/src/components/EmptyState.jsx": {"path":"/Users/roberto/Repositorio6/kilo-code-web/src/components/EmptyState.jsx","statementMap":{"0":{"start":{"line":4,"column":2},"end":{"line":30,"column":4}}},"fnMap":{"0":{"name":"EmptyState","decl":{"start":{"line":3,"column":9},"end":{"line":3,"column":19}},"loc":{"start":{"line":3,"column":36},"end":{"line":31,"column":1}},"line":3}},"branchMap":{},"s":{"0":0},"f":{"0":0},"b":{}}
,"/Users/roberto/Repositorio6/kilo-code-web/src/components/ExportButton.jsx": {"path":"/Users/roberto/Repositorio6/kilo-code-web/src/components/ExportButton.jsx","statementMap":{"0":{"start":{"line":5,"column":30},"end":{"line":5,"column":45}},"1":{"start":{"line":6,"column":22},"end":{"line":6,"column":34}},"2":{"start":{"line":9,"column":2},"end":{"line":18,"column":9}},"3":{"start":{"line":10,"column":31},"end":{"line":14,"column":5}},"4":{"start":{"line":11,"column":6},"end":{"line":13,"column":7}},"5":{"start":{"line":12,"column":8},"end":{"line":12,"column":25}},"6":{"start":{"line":16,"column":4},"end":{"line":16,"column":63}},"7":{"start":{"line":17,"column":4},"end":{"line":17,"column":79}},"8":{"start":{"line":17,"column":17},"end":{"line":17,"column":78}},"9":{"start":{"line":20,"column":23},"end":{"line":35,"column":3}},"10":{"start":{"line":21,"column":4},"end":{"line":33,"column":5}},"11":{"start":{"line":23,"column":8},"end":{"line":23,"column":31}},"12":{"start":{"line":24,"column":8},"end":{"line":24,"column":14}},"13":{"start":{"line":26,"column":8},"end":{"line":26,"column":30}},"14":{"start":{"line":27,"column":8},"end":{"line":27,"column":14}},"15":{"start":{"line":29,"column":8},"end":{"line":29,"column":31}},"16":{"start":{"line":30,"column":8},"end":{"line":30,"column":14}},"17":{"start":{"line":32,"column":8},"end":{"line":32,"column":14}},"18":{"start":{"line":34,"column":4},"end":{"line":34,"column":21}},"19":{"start":{"line":37,"column":2},"end":{"line":103,"column":4}},"20":{"start":{"line":40,"column":23},"end":{"line":40,"column":41}},"21":{"start":{"line":59,"column":27},"end":{"line":59,"column":47}},"22":{"start":{"line":72,"column":27},"end":{"line":72,"column":46}},"23":{"start":{"line":87,"column":27},"end":{"line":87,"column":49}}},"fnMap":{"0":{"name":"ExportButton","decl":{"start":{"line":4,"column":9},"end":{"line":4,"column":21}},"loc":{"start":{"line":4,"column":36},"end":{"line":104,"column":1}},"line":4},"1":{"name":"(anonymous_1)","decl":{"start":{"line":9,"column":12},"end":{"line":9,"column":13}},"loc":{"start":{"line":9,"column":18},"end":{"line":18,"column":3}},"line":9},"2":{"name":"(anonymous_2)","decl":{"start":{"line":10,"column":31},"end":{"line":10,"column":32}},"loc":{"start":{"line":10,"column":42},"end":{"line":14,"column":5}},"line":10},"3":{"name":"(anonymous_3)","decl":{"start":{"line":17,"column":11},"end":{"line":17,"column":12}},"loc":{"start":{"line":17,"column":17},"end":{"line":17,"column":78}},"line":17},"4":{"name":"(anonymous_4)","decl":{"start":{"line":20,"column":23},"end":{"line":20,"column":24}},"loc":{"start":{"line":20,"column":35},"end":{"line":35,"column":3}},"line":20},"5":{"name":"(anonymous_5)","decl":{"start":{"line":40,"column":17},"end":{"line":40,"column":18}},"loc":{"start":{"line":40,"column":23},"end":{"line":40,"column":41}},"line":40},"6":{"name":"(anonymous_6)","decl":{"start":{"line":59,"column":21},"end":{"line":59,"column":22}},"loc":{"start":{"line":59,"column":27},"end":{"line":59,"column":47}},"line":59},"7":{"name":"(anonymous_7)","decl":{"start":{"line":72,"column":21},"end":{"line":72,"column":22}},"loc":{"start":{"line":72,"column":27},"end":{"line":72,"column":46}},"line":72},"8":{"name":"(anonymous_8)","decl":{"start":{"line":87,"column":21},"end":{"line":87,"column":22}},"loc":{"start":{"line":87,"column":27},"end":{"line":87,"column":49}},"line":87}},"branchMap":{"0":{"loc":{"start":{"line":11,"column":6},"end":{"line":13,"column":7}},"type":"if","locations":[{"start":{"line":11,"column":6},"end":{"line":13,"column":7}},{"start":{},"end":{}}],"line":11},"1":{"loc":{"start":{"line":11,"column":10},"end":{"line":11,"column":76}},"type":"binary-expr","locations":[{"start":{"line":11,"column":10},"end":{"line":11,"column":29}},{"start":{"line":11,"column":33},"end":{"line":11,"column":76}}],"line":11},"2":{"loc":{"start":{"line":21,"column":4},"end":{"line":33,"column":5}},"type":"switch","locations":[{"start":{"line":22,"column":6},"end":{"line":24,"column":14}},{"start":{"line":25,"column":6},"end":{"line":27,"column":14}},{"start":{"line":28,"column":6},"end":{"line":30,"column":14}},{"start":{"line":31,"column":6},"end":{"line":32,"column":14}}],"line":21},"3":{"loc":{"start":{"line":47,"column":56},"end":{"line":47,"column":82}},"type":"cond-expr","locations":[{"start":{"line":47,"column":65},"end":{"line":47,"column":77}},{"start":{"line":47,"column":80},"end":{"line":47,"column":82}}],"line":47},"4":{"loc":{"start":{"line":52,"column":7},"end":{"line":101,"column":7}},"type":"binary-expr","locations":[{"start":{"line":52,"column":7},"end":{"line":52,"column":13}},{"start":{"line":53,"column":8},"end":{"line":100,"column":14}}],"line":52}},"s":{"0":0,"1":0,"2":0,"3":0,"4":0,"5":0,"6":0,"7":0,"8":0,"9":0,"10":0,"11":0,"12":0,"13":0,"14":0,"15":0,"16":0,"17":0,"18":0,"19":0,"20":0,"21":0,"22":0,"23":0},"f":{"0":0,"1":0,"2":0,"3":0,"4":0,"5":0,"6":0,"7":0,"8":0},"b":{"0":[0,0],"1":[0,0],"2":[0,0,0,0],"3":[0,0],"4":[0,0]}}
,"/Users/roberto/Repositorio6/kilo-code-web/src/components/Footer.jsx": {"path":"/Users/roberto/Repositorio6/kilo-code-web/src/components/Footer.jsx","statementMap":{"0":{"start":{"line":4,"column":22},"end":{"line":4,"column":46}},"1":{"start":{"line":6,"column":2},"end":{"line":42,"column":4}}},"fnMap":{"0":{"name":"Footer","decl":{"start":{"line":3,"column":9},"end":{"line":3,"column":15}},"loc":{"start":{"line":3,"column":18},"end":{"line":43,"column":1}},"line":3}},"branchMap":{},"s":{"0":0,"1":0},"f":{"0":0},"b":{}}
,"/Users/roberto/Repositorio6/kilo-code-web/src/components/Header.jsx": {"path":"/Users/roberto/Repositorio6/kilo-code-web/src/components/Header.jsx","statementMap":{"0":{"start":{"line":6,"column":21},"end":{"line":6,"column":30}},"1":{"start":{"line":7,"column":2},"end":{"line":92,"column":4}}},"fnMap":{"0":{"name":"Header","decl":{"start":{"line":5,"column":9},"end":{"line":5,"column":15}},"loc":{"start":{"line":5,"column":109},"end":{"line":93,"column":1}},"line":5}},"branchMap":{"0":{"loc":{"start":{"line":44,"column":16},"end":{"line":46,"column":99}},"type":"cond-expr","locations":[{"start":{"line":45,"column":20},"end":{"line":45,"column":79}},{"start":{"line":46,"column":20},"end":{"line":46,"column":99}}],"line":44},"1":{"loc":{"start":{"line":48,"column":21},"end":{"line":48,"column":64}},"type":"cond-expr","locations":[{"start":{"line":48,"column":33},"end":{"line":48,"column":46}},{"start":{"line":48,"column":49},"end":{"line":48,"column":64}}],"line":48},"2":{"loc":{"start":{"line":50,"column":15},"end":{"line":50,"column":96}},"type":"cond-expr","locations":[{"start":{"line":50,"column":27},"end":{"line":50,"column":60}},{"start":{"line":50,"column":63},"end":{"line":50,"column":96}}],"line":50},"3":{"loc":{"start":{"line":53,"column":13},"end":{"line":61,"column":13}},"type":"binary-expr","locations":[{"start":{"line":53,"column":13},"end":{"line":53,"column":30}},{"start":{"line":54,"column":14},"end":{"line":60,"column":23}}],"line":53}},"s":{"0":0,"1":0},"f":{"0":0},"b":{"0":[0,0],"1":[0,0],"2":[0,0],"3":[0,0]}}
,"/Users/roberto/Repositorio6/kilo-code-web/src/components/IncidentsPage.jsx": {"path":"/Users/roberto/Repositorio6/kilo-code-web/src/components/IncidentsPage.jsx","statementMap":{"0":{"start":{"line":5,"column":16},"end":{"line":5,"column":75}},"1":{"start":{"line":8,"column":2},"end":{"line":8,"column":49}},"2":{"start":{"line":8,"column":32},"end":{"line":8,"column":49}},"3":{"start":{"line":9,"column":15},"end":{"line":9,"column":39}},"4":{"start":{"line":10,"column":16},"end":{"line":10,"column":37}},"5":{"start":{"line":11,"column":15},"end":{"line":11,"column":37}},"6":{"start":{"line":13,"column":2},"end":{"line":13,"column":49}},"7":{"start":{"line":13,"column":16},"end":{"line":13,"column":49}},"8":{"start":{"line":14,"column":2},"end":{"line":14,"column":50}},"9":{"start":{"line":14,"column":17},"end":{"line":14,"column":50}},"10":{"start":{"line":15,"column":2},"end":{"line":15,"column":20}},"11":{"start":{"line":19,"column":2},"end":{"line":25,"column":5}},"12":{"start":{"line":29,"column":19},"end":{"line":29,"column":32}},"13":{"start":{"line":30,"column":34},"end":{"line":30,"column":46}},"14":{"start":{"line":31,"column":48},"end":{"line":31,"column":62}},"15":{"start":{"line":32,"column":36},"end":{"line":32,"column":48}},"16":{"start":{"line":33,"column":32},"end":{"line":33,"column":46}},"17":{"start":{"line":34,"column":26},"end":{"line":34,"column":38}},"18":{"start":{"line":36,"column":2},"end":{"line":38,"column":9}},"19":{"start":{"line":37,"column":4},"end":{"line":37,"column":20}},"20":{"start":{"line":40,"column":2},"end":{"line":44,"column":30}},"21":{"start":{"line":41,"column":4},"end":{"line":43,"column":5}},"22":{"start":{"line":42,"column":6},"end":{"line":42,"column":38}},"23":{"start":{"line":46,"column":24},"end":{"line":59,"column":3}},"24":{"start":{"line":47,"column":4},"end":{"line":58,"column":5}},"25":{"start":{"line":48,"column":23},"end":{"line":50,"column":8}},"26":{"start":{"line":51,"column":19},"end":{"line":51,"column":40}},"27":{"start":{"line":52,"column":6},"end":{"line":52,"column":24}},"28":{"start":{"line":53,"column":6},"end":{"line":55,"column":7}},"29":{"start":{"line":54,"column":8},"end":{"line":54,"column":39}},"30":{"start":{"line":57,"column":6},"end":{"line":57,"column":55}},"31":{"start":{"line":61,"column":25},"end":{"line":75,"column":3}},"32":{"start":{"line":62,"column":4},"end":{"line":74,"column":5}},"33":{"start":{"line":63,"column":6},"end":{"line":63,"column":23}},"34":{"start":{"line":64,"column":23},"end":{"line":67,"column":7}},"35":{"start":{"line":68,"column":19},"end":{"line":68,"column":40}},"36":{"start":{"line":69,"column":6},"end":{"line":69,"column":25}},"37":{"start":{"line":71,"column":6},"end":{"line":71,"column":56}},"38":{"start":{"line":73,"column":6},"end":{"line":73,"column":24}},"39":{"start":{"line":77,"column":2},"end":{"line":256,"column":4}},"40":{"start":{"line":84,"column":29},"end":{"line":84,"column":42}},"41":{"start":{"line":111,"column":33},"end":{"line":111,"column":75}},"42":{"start":{"line":115,"column":18},"end":{"line":117,"column":27}},"43":{"start":{"line":128,"column":33},"end":{"line":128,"column":64}},"44":{"start":{"line":223,"column":16},"end":{"line":249,"column":22}}},"fnMap":{"0":{"name":"formatDuration","decl":{"start":{"line":7,"column":9},"end":{"line":7,"column":23}},"loc":{"start":{"line":7,"column":33},"end":{"line":16,"column":1}},"line":7},"1":{"name":"formatDate","decl":{"start":{"line":18,"column":9},"end":{"line":18,"column":19}},"loc":{"start":{"line":18,"column":32},"end":{"line":26,"column":1}},"line":18},"2":{"name":"IncidentsPage","decl":{"start":{"line":28,"column":16},"end":{"line":28,"column":29}},"loc":{"start":{"line":28,"column":32},"end":{"line":257,"column":1}},"line":28},"3":{"name":"(anonymous_3)","decl":{"start":{"line":36,"column":12},"end":{"line":36,"column":13}},"loc":{"start":{"line":36,"column":18},"end":{"line":38,"column":3}},"line":36},"4":{"name":"(anonymous_4)","decl":{"start":{"line":40,"column":12},"end":{"line":40,"column":13}},"loc":{"start":{"line":40,"column":18},"end":{"line":44,"column":3}},"line":40},"5":{"name":"(anonymous_5)","decl":{"start":{"line":46,"column":24},"end":{"line":46,"column":25}},"loc":{"start":{"line":46,"column":36},"end":{"line":59,"column":3}},"line":46},"6":{"name":"(anonymous_6)","decl":{"start":{"line":61,"column":25},"end":{"line":61,"column":26}},"loc":{"start":{"line":61,"column":46},"end":{"line":75,"column":3}},"line":61},"7":{"name":"(anonymous_7)","decl":{"start":{"line":84,"column":23},"end":{"line":84,"column":24}},"loc":{"start":{"line":84,"column":29},"end":{"line":84,"column":42}},"line":84},"8":{"name":"(anonymous_8)","decl":{"start":{"line":111,"column":26},"end":{"line":111,"column":27}},"loc":{"start":{"line":111,"column":33},"end":{"line":111,"column":75}},"line":111},"9":{"name":"(anonymous_9)","decl":{"start":{"line":114,"column":30},"end":{"line":114,"column":31}},"loc":{"start":{"line":115,"column":18},"end":{"line":117,"column":27}},"line":115},"10":{"name":"(anonymous_10)","decl":{"start":{"line":128,"column":26},"end":{"line":128,"column":27}},"loc":{"start":{"line":128,"column":33},"end":{"line":128,"column":64}},"line":128},"11":{"name":"(anonymous_11)","decl":{"start":{"line":222,"column":40},"end":{"line":222,"column":41}},"loc":{"start":{"line":223,"column":16},"end":{"line":249,"column":22}},"line":223}},"branchMap":{"0":{"loc":{"start":{"line":5,"column":16},"end":{"line":5,"column":75}},"type":"binary-expr","locations":[{"start":{"line":5,"column":16},"end":{"line":5,"column":44}},{"start":{"line":5,"column":48},"end":{"line":5,"column":75}}],"line":5},"1":{"loc":{"start":{"line":8,"column":2},"end":{"line":8,"column":49}},"type":"if","locations":[{"start":{"line":8,"column":2},"end":{"line":8,"column":49}},{"start":{},"end":{}}],"line":8},"2":{"loc":{"start":{"line":8,"column":6},"end":{"line":8,"column":30}},"type":"binary-expr","locations":[{"start":{"line":8,"column":6},"end":{"line":8,"column":14}},{"start":{"line":8,"column":18},"end":{"line":8,"column":30}}],"line":8},"3":{"loc":{"start":{"line":13,"column":2},"end":{"line":13,"column":49}},"type":"if","locations":[{"start":{"line":13,"column":2},"end":{"line":13,"column":49}},{"start":{},"end":{}}],"line":13},"4":{"loc":{"start":{"line":14,"column":2},"end":{"line":14,"column":50}},"type":"if","locations":[{"start":{"line":14,"column":2},"end":{"line":14,"column":50}},{"start":{},"end":{}}],"line":14},"5":{"loc":{"start":{"line":41,"column":4},"end":{"line":43,"column":5}},"type":"if","locations":[{"start":{"line":41,"column":4},"end":{"line":43,"column":5}},{"start":{},"end":{}}],"line":41},"6":{"loc":{"start":{"line":53,"column":6},"end":{"line":55,"column":7}},"type":"if","locations":[{"start":{"line":53,"column":6},"end":{"line":55,"column":7}},{"start":{},"end":{}}],"line":53},"7":{"loc":{"start":{"line":110,"column":23},"end":{"line":110,"column":44}},"type":"binary-expr","locations":[{"start":{"line":110,"column":23},"end":{"line":110,"column":38}},{"start":{"line":110,"column":42},"end":{"line":110,"column":44}}],"line":110},"8":{"loc":{"start":{"line":141,"column":9},"end":{"line":193,"column":9}},"type":"binary-expr","locations":[{"start":{"line":141,"column":9},"end":{"line":141,"column":17}},{"start":{"line":141,"column":21},"end":{"line":141,"column":30}},{"start":{"line":142,"column":10},"end":{"line":192,"column":16}}],"line":141},"9":{"loc":{"start":{"line":150,"column":21},"end":{"line":150,"column":50}},"type":"binary-expr","locations":[{"start":{"line":150,"column":21},"end":{"line":150,"column":45}},{"start":{"line":150,"column":49},"end":{"line":150,"column":50}}],"line":150},"10":{"loc":{"start":{"line":182,"column":21},"end":{"line":184,"column":28}},"type":"cond-expr","locations":[{"start":{"line":183,"column":24},"end":{"line":183,"column":90}},{"start":{"line":184,"column":24},"end":{"line":184,"column":28}}],"line":182},"11":{"loc":{"start":{"line":203,"column":11},"end":{"line":252,"column":11}},"type":"cond-expr","locations":[{"start":{"line":204,"column":12},"end":{"line":207,"column":18}},{"start":{"line":208,"column":14},"end":{"line":252,"column":11}}],"line":203},"12":{"loc":{"start":{"line":208,"column":14},"end":{"line":252,"column":11}},"type":"cond-expr","locations":[{"start":{"line":209,"column":12},"end":{"line":219,"column":18}},{"start":{"line":221,"column":12},"end":{"line":251,"column":18}}],"line":208},"13":{"loc":{"start":{"line":236,"column":25},"end":{"line":240,"column":25}},"type":"binary-expr","locations":[{"start":{"line":236,"column":25},"end":{"line":236,"column":41}},{"start":{"line":237,"column":26},"end":{"line":239,"column":30}}],"line":236}},"s":{"0":0,"1":0,"2":0,"3":0,"4":0,"5":0,"6":0,"7":0,"8":0,"9":0,"10":0,"11":0,"12":0,"13":0,"14":0,"15":0,"16":0,"17":0,"18":0,"19":0,"20":0,"21":0,"22":0,"23":0,"24":0,"25":0,"26":0,"27":0,"28":0,"29":0,"30":0,"31":0,"32":0,"33":0,"34":0,"35":0,"36":0,"37":0,"38":0,"39":0,"40":0,"41":0,"42":0,"43":0,"44":0},"f":{"0":0,"1":0,"2":0,"3":0,"4":0,"5":0,"6":0,"7":0,"8":0,"9":0,"10":0,"11":0},"b":{"0":[0,0],"1":[0,0],"2":[0,0],"3":[0,0],"4":[0,0],"5":[0,0],"6":[0,0],"7":[0,0],"8":[0,0,0],"9":[0,0],"10":[0,0],"11":[0,0],"12":[0,0],"13":[0,0]}}
,"/Users/roberto/Repositorio6/kilo-code-web/src/components/KeyboardShortcutsHelp.jsx": {"path":"/Users/roberto/Repositorio6/kilo-code-web/src/components/KeyboardShortcutsHelp.jsx","statementMap":{"0":{"start":{"line":4,"column":18},"end":{"line":13,"column":1}},"1":{"start":{"line":16,"column":23},"end":{"line":20,"column":15}},"2":{"start":{"line":17,"column":4},"end":{"line":19,"column":5}},"3":{"start":{"line":18,"column":6},"end":{"line":18,"column":16}},"4":{"start":{"line":22,"column":2},"end":{"line":32,"column":29}},"5":{"start":{"line":23,"column":4},"end":{"line":31,"column":5}},"6":{"start":{"line":24,"column":20},"end":{"line":26,"column":13}},"7":{"start":{"line":25,"column":8},"end":{"line":25,"column":59}},"8":{"start":{"line":27,"column":6},"end":{"line":30,"column":8}},"9":{"start":{"line":28,"column":8},"end":{"line":28,"column":28}},"10":{"start":{"line":29,"column":8},"end":{"line":29,"column":62}},"11":{"start":{"line":34,"column":2},"end":{"line":34,"column":27}},"12":{"start":{"line":34,"column":15},"end":{"line":34,"column":27}},"13":{"start":{"line":36,"column":2},"end":{"line":84,"column":4}},"14":{"start":{"line":61,"column":14},"end":{"line":71,"column":20}}},"fnMap":{"0":{"name":"KeyboardShortcutsHelp","decl":{"start":{"line":15,"column":24},"end":{"line":15,"column":45}},"loc":{"start":{"line":15,"column":67},"end":{"line":85,"column":1}},"line":15},"1":{"name":"(anonymous_1)","decl":{"start":{"line":16,"column":35},"end":{"line":16,"column":36}},"loc":{"start":{"line":16,"column":42},"end":{"line":20,"column":3}},"line":16},"2":{"name":"(anonymous_2)","decl":{"start":{"line":22,"column":12},"end":{"line":22,"column":13}},"loc":{"start":{"line":22,"column":18},"end":{"line":32,"column":3}},"line":22},"3":{"name":"(anonymous_3)","decl":{"start":{"line":24,"column":31},"end":{"line":24,"column":32}},"loc":{"start":{"line":24,"column":37},"end":{"line":26,"column":7}},"line":24},"4":{"name":"(anonymous_4)","decl":{"start":{"line":27,"column":13},"end":{"line":27,"column":14}},"loc":{"start":{"line":27,"column":19},"end":{"line":30,"column":7}},"line":27},"5":{"name":"(anonymous_5)","decl":{"start":{"line":60,"column":27},"end":{"line":60,"column":28}},"loc":{"start":{"line":61,"column":14},"end":{"line":71,"column":20}},"line":61}},"branchMap":{"0":{"loc":{"start":{"line":17,"column":4},"end":{"line":19,"column":5}},"type":"if","locations":[{"start":{"line":17,"column":4},"end":{"line":19,"column":5}},{"start":{},"end":{}}],"line":17},"1":{"loc":{"start":{"line":23,"column":4},"end":{"line":31,"column":5}},"type":"if","locations":[{"start":{"line":23,"column":4},"end":{"line":31,"column":5}},{"start":{},"end":{}}],"line":23},"2":{"loc":{"start":{"line":34,"column":2},"end":{"line":34,"column":27}},"type":"if","locations":[{"start":{"line":34,"column":2},"end":{"line":34,"column":27}},{"start":{},"end":{}}],"line":34}},"s":{"0":0,"1":0,"2":0,"3":0,"4":0,"5":0,"6":0,"7":0,"8":0,"9":0,"10":0,"11":0,"12":0,"13":0,"14":0},"f":{"0":0,"1":0,"2":0,"3":0,"4":0,"5":0},"b":{"0":[0,0],"1":[0,0],"2":[0,0]}}
,"/Users/roberto/Repositorio6/kilo-code-web/src/components/Login.jsx": {"path":"/Users/roberto/Repositorio6/kilo-code-web/src/components/Login.jsx","statementMap":{"0":{"start":{"line":7,"column":34},"end":{"line":7,"column":46}},"1":{"start":{"line":8,"column":42},"end":{"line":8,"column":57}},"2":{"start":{"line":9,"column":28},"end":{"line":9,"column":40}},"3":{"start":{"line":10,"column":36},"end":{"line":10,"column":51}},"4":{"start":{"line":11,"column":20},"end":{"line":11,"column":29}},"5":{"start":{"line":13,"column":23},"end":{"line":25,"column":3}},"6":{"start":{"line":14,"column":4},"end":{"line":14,"column":23}},"7":{"start":{"line":15,"column":4},"end":{"line":15,"column":17}},"8":{"start":{"line":16,"column":4},"end":{"line":16,"column":23}},"9":{"start":{"line":18,"column":19},"end":{"line":18,"column":40}},"10":{"start":{"line":20,"column":4},"end":{"line":22,"column":5}},"11":{"start":{"line":21,"column":6},"end":{"line":21,"column":57}},"12":{"start":{"line":24,"column":4},"end":{"line":24,"column":24}},"13":{"start":{"line":27,"column":2},"end":{"line":126,"column":4}},"14":{"start":{"line":72,"column":35},"end":{"line":72,"column":62}},"15":{"start":{"line":79,"column":33},"end":{"line":79,"column":63}}},"fnMap":{"0":{"name":"Login","decl":{"start":{"line":6,"column":16},"end":{"line":6,"column":21}},"loc":{"start":{"line":6,"column":24},"end":{"line":127,"column":1}},"line":6},"1":{"name":"(anonymous_1)","decl":{"start":{"line":13,"column":23},"end":{"line":13,"column":24}},"loc":{"start":{"line":13,"column":36},"end":{"line":25,"column":3}},"line":13},"2":{"name":"(anonymous_2)","decl":{"start":{"line":72,"column":28},"end":{"line":72,"column":29}},"loc":{"start":{"line":72,"column":35},"end":{"line":72,"column":62}},"line":72},"3":{"name":"(anonymous_3)","decl":{"start":{"line":79,"column":27},"end":{"line":79,"column":28}},"loc":{"start":{"line":79,"column":33},"end":{"line":79,"column":63}},"line":79}},"branchMap":{"0":{"loc":{"start":{"line":20,"column":4},"end":{"line":22,"column":5}},"type":"if","locations":[{"start":{"line":20,"column":4},"end":{"line":22,"column":5}},{"start":{},"end":{}}],"line":20},"1":{"loc":{"start":{"line":21,"column":15},"end":{"line":21,"column":55}},"type":"binary-expr","locations":[{"start":{"line":21,"column":15},"end":{"line":21,"column":27}},{"start":{"line":21,"column":31},"end":{"line":21,"column":55}}],"line":21},"2":{"loc":{"start":{"line":70,"column":24},"end":{"line":70,"column":58}},"type":"cond-expr","locations":[{"start":{"line":70,"column":39},"end":{"line":70,"column":45}},{"start":{"line":70,"column":48},"end":{"line":70,"column":58}}],"line":70},"3":{"loc":{"start":{"line":82,"column":19},"end":{"line":86,"column":19}},"type":"cond-expr","locations":[{"start":{"line":83,"column":20},"end":{"line":83,"column":50}},{"start":{"line":85,"column":20},"end":{"line":85,"column":47}}],"line":82},"4":{"loc":{"start":{"line":91,"column":13},"end":{"line":97,"column":13}},"type":"binary-expr","locations":[{"start":{"line":91,"column":13},"end":{"line":91,"column":18}},{"start":{"line":92,"column":14},"end":{"line":96,"column":20}}],"line":91},"5":{"loc":{"start":{"line":103,"column":24},"end":{"line":103,"column":46}},"type":"binary-expr","locations":[{"start":{"line":103,"column":24},"end":{"line":103,"column":33}},{"start":{"line":103,"column":37},"end":{"line":103,"column":46}}],"line":103},"6":{"loc":{"start":{"line":105,"column":15},"end":{"line":115,"column":15}},"type":"cond-expr","locations":[{"start":{"line":106,"column":16},"end":{"line":112,"column":23}},{"start":{"line":114,"column":16},"end":{"line":114,"column":25}}],"line":105}},"s":{"0":0,"1":0,"2":0,"3":0,"4":0,"5":0,"6":0,"7":0,"8":0,"9":0,"10":0,"11":0,"12":0,"13":0,"14":0,"15":0},"f":{"0":0,"1":0,"2":0,"3":0},"b":{"0":[0,0],"1":[0,0],"2":[0,0],"3":[0,0],"4":[0,0],"5":[0,0],"6":[0,0]}}
,"/Users/roberto/Repositorio6/kilo-code-web/src/components/OnboardingGuide.jsx": {"path":"/Users/roberto/Repositorio6/kilo-code-web/src/components/OnboardingGuide.jsx","statementMap":{"0":{"start":{"line":4,"column":40},"end":{"line":4,"column":51}},"1":{"start":{"line":7,"column":23},"end":{"line":7,"column":85}},"2":{"start":{"line":10,"column":21},"end":{"line":12,"column":3}},"3":{"start":{"line":11,"column":4},"end":{"line":11,"column":66}},"4":{"start":{"line":14,"column":16},"end":{"line":65,"column":3}},"5":{"start":{"line":67,"column":21},"end":{"line":74,"column":3}},"6":{"start":{"line":68,"column":4},"end":{"line":73,"column":5}},"7":{"start":{"line":69,"column":6},"end":{"line":69,"column":38}},"8":{"start":{"line":71,"column":6},"end":{"line":71,"column":19}},"9":{"start":{"line":72,"column":6},"end":{"line":72,"column":16}},"10":{"start":{"line":76,"column":21},"end":{"line":79,"column":3}},"11":{"start":{"line":77,"column":4},"end":{"line":77,"column":17}},"12":{"start":{"line":78,"column":4},"end":{"line":78,"column":14}},"13":{"start":{"line":81,"column":25},"end":{"line":85,"column":3}},"14":{"start":{"line":82,"column":4},"end":{"line":84,"column":5}},"15":{"start":{"line":83,"column":6},"end":{"line":83,"column":38}},"16":{"start":{"line":88,"column":2},"end":{"line":88,"column":66}},"17":{"start":{"line":88,"column":54},"end":{"line":88,"column":66}},"18":{"start":{"line":90,"column":15},"end":{"line":90,"column":33}},"19":{"start":{"line":91,"column":19},"end":{"line":91,"column":59}},"20":{"start":{"line":93,"column":2},"end":{"line":179,"column":4}},"21":{"start":{"line":114,"column":16},"end":{"line":124,"column":18}},"22":{"start":{"line":116,"column":33},"end":{"line":116,"column":54}}},"fnMap":{"0":{"name":"OnboardingGuide","decl":{"start":{"line":3,"column":9},"end":{"line":3,"column":24}},"loc":{"start":{"line":3,"column":61},"end":{"line":180,"column":1}},"line":3},"1":{"name":"(anonymous_1)","decl":{"start":{"line":10,"column":21},"end":{"line":10,"column":22}},"loc":{"start":{"line":10,"column":27},"end":{"line":12,"column":3}},"line":10},"2":{"name":"(anonymous_2)","decl":{"start":{"line":67,"column":21},"end":{"line":67,"column":22}},"loc":{"start":{"line":67,"column":27},"end":{"line":74,"column":3}},"line":67},"3":{"name":"(anonymous_3)","decl":{"start":{"line":76,"column":21},"end":{"line":76,"column":22}},"loc":{"start":{"line":76,"column":27},"end":{"line":79,"column":3}},"line":76},"4":{"name":"(anonymous_4)","decl":{"start":{"line":81,"column":25},"end":{"line":81,"column":26}},"loc":{"start":{"line":81,"column":31},"end":{"line":85,"column":3}},"line":81},"5":{"name":"(anonymous_5)","decl":{"start":{"line":113,"column":25},"end":{"line":113,"column":26}},"loc":{"start":{"line":114,"column":16},"end":{"line":124,"column":18}},"line":114},"6":{"name":"(anonymous_6)","decl":{"start":{"line":116,"column":27},"end":{"line":116,"column":28}},"loc":{"start":{"line":116,"column":33},"end":{"line":116,"column":54}},"line":116}},"branchMap":{"0":{"loc":{"start":{"line":68,"column":4},"end":{"line":73,"column":5}},"type":"if","locations":[{"start":{"line":68,"column":4},"end":{"line":73,"column":5}},{"start":{"line":70,"column":11},"end":{"line":73,"column":5}}],"line":68},"1":{"loc":{"start":{"line":82,"column":4},"end":{"line":84,"column":5}},"type":"if","locations":[{"start":{"line":82,"column":4},"end":{"line":84,"column":5}},{"start":{},"end":{}}],"line":82},"2":{"loc":{"start":{"line":88,"column":2},"end":{"line":88,"column":66}},"type":"if","locations":[{"start":{"line":88,"column":2},"end":{"line":88,"column":66}},{"start":{},"end":{}}],"line":88},"3":{"loc":{"start":{"line":88,"column":6},"end":{"line":88,"column":52}},"type":"binary-expr","locations":[{"start":{"line":88,"column":6},"end":{"line":88,"column":13}},{"start":{"line":88,"column":18},"end":{"line":88,"column":30}},{"start":{"line":88,"column":34},"end":{"line":88,"column":51}}],"line":88},"4":{"loc":{"start":{"line":118,"column":20},"end":{"line":122,"column":55}},"type":"cond-expr","locations":[{"start":{"line":119,"column":24},"end":{"line":119,"column":41}},{"start":{"line":120,"column":24},"end":{"line":122,"column":55}}],"line":118},"5":{"loc":{"start":{"line":120,"column":24},"end":{"line":122,"column":55}},"type":"cond-expr","locations":[{"start":{"line":121,"column":24},"end":{"line":121,"column":54}},{"start":{"line":122,"column":24},"end":{"line":122,"column":55}}],"line":120},"6":{"loc":{"start":{"line":156,"column":15},"end":{"line":163,"column":15}},"type":"binary-expr","locations":[{"start":{"line":156,"column":15},"end":{"line":156,"column":30}},{"start":{"line":157,"column":16},"end":{"line":162,"column":25}}],"line":156},"7":{"loc":{"start":{"line":168,"column":17},"end":{"line":168,"column":77}},"type":"cond-expr","locations":[{"start":{"line":168,"column":52},"end":{"line":168,"column":63}},{"start":{"line":168,"column":66},"end":{"line":168,"column":77}}],"line":168}},"s":{"0":0,"1":0,"2":0,"3":0,"4":0,"5":0,"6":0,"7":0,"8":0,"9":0,"10":0,"11":0,"12":0,"13":0,"14":0,"15":0,"16":0,"17":0,"18":0,"19":0,"20":0,"21":0,"22":0},"f":{"0":0,"1":0,"2":0,"3":0,"4":0,"5":0,"6":0},"b":{"0":[0,0],"1":[0,0],"2":[0,0],"3":[0,0,0],"4":[0,0],"5":[0,0],"6":[0,0],"7":[0,0]}}
,"/Users/roberto/Repositorio6/kilo-code-web/src/components/PerformanceChart.jsx": {"path":"/Users/roberto/Repositorio6/kilo-code-web/src/components/PerformanceChart.jsx","statementMap":{"0":{"start":{"line":5,"column":16},"end":{"line":5,"column":75}},"1":{"start":{"line":8,"column":32},"end":{"line":8,"column":44}},"2":{"start":{"line":9,"column":28},"end":{"line":9,"column":42}},"3":{"start":{"line":10,"column":28},"end":{"line":10,"column":43}},"4":{"start":{"line":11,"column":32},"end":{"line":11,"column":46}},"5":{"start":{"line":13,"column":17},"end":{"line":18,"column":3}},"6":{"start":{"line":20,"column":2},"end":{"line":22,"column":25}},"7":{"start":{"line":21,"column":4},"end":{"line":21,"column":19}},"8":{"start":{"line":24,"column":23},"end":{"line":36,"column":3}},"9":{"start":{"line":25,"column":4},"end":{"line":35,"column":5}},"10":{"start":{"line":26,"column":6},"end":{"line":26,"column":23}},"11":{"start":{"line":27,"column":23},"end":{"line":27,"column":93}},"12":{"start":{"line":28,"column":19},"end":{"line":28,"column":40}},"13":{"start":{"line":29,"column":6},"end":{"line":29,"column":31}},"14":{"start":{"line":30,"column":6},"end":{"line":30,"column":27}},"15":{"start":{"line":32,"column":6},"end":{"line":32,"column":54}},"16":{"start":{"line":34,"column":6},"end":{"line":34,"column":24}},"17":{"start":{"line":39,"column":20},"end":{"line":53,"column":15}},"18":{"start":{"line":40,"column":4},"end":{"line":40,"column":40}},"19":{"start":{"line":40,"column":30},"end":{"line":40,"column":40}},"20":{"start":{"line":42,"column":28},"end":{"line":42,"column":83}},"21":{"start":{"line":42,"column":57},"end":{"line":42,"column":76}},"22":{"start":{"line":43,"column":28},"end":{"line":43,"column":81}},"23":{"start":{"line":43,"column":57},"end":{"line":43,"column":76}},"24":{"start":{"line":44,"column":18},"end":{"line":44,"column":56}},"25":{"start":{"line":46,"column":4},"end":{"line":52,"column":8}},"26":{"start":{"line":46,"column":38},"end":{"line":52,"column":5}},"27":{"start":{"line":56,"column":19},"end":{"line":63,"column":17}},"28":{"start":{"line":57,"column":4},"end":{"line":57,"column":42}},"29":{"start":{"line":57,"column":32},"end":{"line":57,"column":42}},"30":{"start":{"line":59,"column":4},"end":{"line":62,"column":11}},"31":{"start":{"line":60,"column":22},"end":{"line":60,"column":45}},"32":{"start":{"line":61,"column":6},"end":{"line":61,"column":56}},"33":{"start":{"line":66,"column":19},"end":{"line":75,"column":17}},"34":{"start":{"line":67,"column":4},"end":{"line":67,"column":42}},"35":{"start":{"line":67,"column":32},"end":{"line":67,"column":42}},"36":{"start":{"line":69,"column":17},"end":{"line":72,"column":10}},"37":{"start":{"line":70,"column":22},"end":{"line":70,"column":45}},"38":{"start":{"line":71,"column":6},"end":{"line":71,"column":56}},"39":{"start":{"line":74,"column":4},"end":{"line":74,"column":41}},"40":{"start":{"line":78,"column":22},"end":{"line":83,"column":3}},"41":{"start":{"line":79,"column":4},"end":{"line":82,"column":7}},"42":{"start":{"line":86,"column":22},"end":{"line":91,"column":3}},"43":{"start":{"line":87,"column":4},"end":{"line":90,"column":7}},"44":{"start":{"line":93,"column":2},"end":{"line":102,"column":3}},"45":{"start":{"line":
[...]
,"/Users/roberto/Repositorio6/kilo-code-web/src/hooks/useConfirm.js": {"path":"/Users/roberto/Repositorio6/kilo-code-web/src/hooks/useConfirm.js","statementMap":{"0":{"start":{"line":5,"column":18},"end":{"line":5,"column":44}},"1":{"start":{"line":6,"column":2},"end":{"line":8,"column":3}},"2":{"start":{"line":7,"column":4},"end":{"line":7,"column":72}},"3":{"start":{"line":9,"column":2},"end":{"line":9,"column":17}}},"fnMap":{"0":{"name":"useConfirm","decl":{"start":{"line":4,"column":16},"end":{"line":4,"column":26}},"loc":{"start":{"line":4,"column":29},"end":{"line":10,"column":1}},"line":4}},"branchMap":{"0":{"loc":{"start":{"line":6,"column":2},"end":{"line":8,"column":3}},"type":"if","locations":[{"start":{"line":6,"column":2},"end":{"line":8,"column":3}},{"start":{},"end":{}}],"line":6}},"s":{"0":0,"1":0,"2":0,"3":0},"f":{"0":0},"b":{"0":[0,0]}}
,"/Users/roberto/Repositorio6/kilo-code-web/src/hooks/useKeyboardShortcuts.js": {"path":"/Users/roberto/Repositorio6/kilo-code-web/src/hooks/useKeyboardShortcuts.js","statementMap":{"0":{"start":{"line":4,"column":24},"end":{"line":32,"column":17}},"1":{"start":{"line":6,"column":4},"end":{"line":11,"column":5}},"2":{"start":{"line":10,"column":6},"end":{"line":10,"column":41}},"3":{"start":{"line":10,"column":34},"end":{"line":10,"column":41}},"4":{"start":{"line":13,"column":16},"end":{"line":13,"column":39}},"5":{"start":{"line":14,"column":17},"end":{"line":14,"column":47}},"6":{"start":{"line":15,"column":18},"end":{"line":15,"column":32}},"7":{"start":{"line":16,"column":16},"end":{"line":16,"column":28}},"8":{"start":{"line":18,"column":4},"end":{"line":31,"column":5}},"9":{"start":{"line":19,"column":92},"end":{"line":19,"column":100}},"10":{"start":{"line":21,"column":23},"end":{"line":21,"column":56}},"11":{"start":{"line":22,"column":24},"end":{"line":22,"column":43}},"12":{"start":{"line":23,"column":25},"end":{"line":23,"column":46}},"13":{"start":{"line":24,"column":23},"end":{"line":24,"column":40}},"14":{"start":{"line":26,"column":6},"end":{"line":30,"column":7}},"15":{"start":{"line":27,"column":8},"end":{"line":27,"column":31}},"16":{"start":{"line":28,"column":8},"end":{"line":28,"column":18}},"17":{"start":{"line":29,"column":8},"end":{"line":29,"column":14}},"18":{"start":{"line":34,"column":2},"end":{"line":37,"column":22}},"19":{"start":{"line":35,"column":4},"end":{"line":35,"column":54}},"20":{"start":{"line":36,"column":4},"end":{"line":36,"column":70}},"21":{"start":{"line":36,"column":17},"end":{"line":36,"column":69}}},"fnMap":{"0":{"name":"useKeyboardShortcuts","decl":{"start":{"line":3,"column":16},"end":{"line":3,"column":36}},"loc":{"start":{"line":3,"column":48},"end":{"line":38,"column":1}},"line":3},"1":{"name":"(anonymous_1)","decl":{"start":{"line":4,"column":36},"end":{"line":4,"column":37}},"loc":{"start":{"line":4,"column":47},"end":{"line":32,"column":3}},"line":4},"2":{"name":"(anonymous_2)","decl":{"start":{"line":34,"column":12},"end":{"line":34,"column":13}},"loc":{"start":{"line":34,"column":18},"end":{"line":37,"column":3}},"line":34},"3":{"name":"(anonymous_3)","decl":{"start":{"line":36,"column":11},"end":{"line":36,"column":12}},"loc":{"start":{"line":36,"column":17},"end":{"line":36,"column":69}},"line":36}},"branchMap":{"0":{"loc":{"start":{"line":6,"column":4},"end":{"line":11,"column":5}},"type":"if","locations":[{"start":{"line":6,"column":4},"end":{"line":11,"column":5}},{"start":{},"end":{}}],"line":6},"1":{"loc":{"start":{"line":6,"column":8},"end":{"line":8,"column":38}},"type":"binary-expr","locations":[{"start":{"line":6,"column":8},"end":{"line":6,"column":40}},{"start":{"line":7,"column":8},"end":{"line":7,"column":43}},{"start":{"line":8,"column":8},"end":{"line":8,"column":38}}],"line":6},"2":{"loc":{"start":{"line":10,"column":6},"end":{"line":10,"column":41}},"type":"if","locations":[{"start":{"line":10,"column":6},"end":{"line":10,"column":41}},{"start":{},"end":{}}],"line":10},"3":{"loc":{"start":{"line":14,"column":17},"end":{"line":14,"column":47}},"type":"binary-expr","locations":[{"start":{"line":14,"column":17},"end":{"line":14,"column":30}},{"start":{"line":14,"column":34},"end":{"line":14,"column":47}}],"line":14},"4":{"loc":{"start":{"line":26,"column":6},"end":{"line":30,"column":7}},"type":"if","locations":[{"start":{"line":26,"column":6},"end":{"line":30,"column":7}},{"start":{},"end":{}}],"line":26},"5":{"loc":{"start":{"line":26,"column":10},"end":{"line":26,"column":57}},"type":"binary-expr","locations":[{"start":{"line":26,"column":10},"end":{"line":26,"column":18}},{"start":{"line":26,"column":22},"end":{"line":26,"column":31}},{"start":{"line":26,"column":35},"end":{"line":26,"column":45}},{"start":{"line":26,"column":49},"end":{"line":26,"column":57}}],"line":26}},"s":{"0":0,"1":0,"2":0,"3":0,"4":0,"5":0,"6":0,"7":0,"8":0,"9":0,"10":0,"11":0,"12":0,"13":0,"14":0,"15":0,"16":0,"17":0,"18":0,"19":0,"20":0,"21":0},"f":{"0":0,"1":0,"2":0,"3":0},"b":{"0":[0,0],"1":[0,0,0],"2":[0,0],"3":[0,0],"4":[0,0],"5":[0,0,0,0]}}
,"/Users/roberto/Repositorio6/kilo-code-web/src/hooks/useTheme.js": {"path":"/Users/roberto/Repositorio6/kilo-code-web/src/hooks/useTheme.js","statementMap":{"0":{"start":{"line":5,"column":18},"end":{"line":5,"column":42}},"1":{"start":{"line":6,"column":2},"end":{"line":8,"column":3}},"2":{"start":{"line":7,"column":4},"end":{"line":7,"column":68}},"3":{"start":{"line":9,"column":2},"end":{"line":9,"column":17}}},"fnMap":{"0":{"name":"useTheme","decl":{"start":{"line":4,"column":16},"end":{"line":4,"column":24}},"loc":{"start":{"line":4,"column":27},"end":{"line":10,"column":1}},"line":4}},"branchMap":{"0":{"loc":{"start":{"line":6,"column":2},"end":{"line":8,"column":3}},"type":"if","locations":[{"start":{"line":6,"column":2},"end":{"line":8,"column":3}},{"start":{},"end":{}}],"line":6}},"s":{"0":4,"1":4,"2":0,"3":4},"f":{"0":4},"b":{"0":[0,4]},"_coverageSchema":"1a1c01bbd47fc00a2c39e90264f33305004495a9","hash":"8b8ef552369efffb8a322659c99bf870289c8de1"}
,"/Users/roberto/Repositorio6/kilo-code-web/src/hooks/useToast.js": {"path":"/Users/roberto/Repositorio6/kilo-code-web/src/hooks/useToast.js","statementMap":{"0":{"start":{"line":5,"column":18},"end":{"line":5,"column":42}},"1":{"start":{"line":6,"column":2},"end":{"line":8,"column":3}},"2":{"start":{"line":7,"column":4},"end":{"line":7,"column":68}},"3":{"start":{"line":9,"column":2},"end":{"line":9,"column":17}}},"fnMap":{"0":{"name":"useToast","decl":{"start":{"line":4,"column":16},"end":{"line":4,"column":24}},"loc":{"start":{"line":4,"column":27},"end":{"line":10,"column":1}},"line":4}},"branchMap":{"0":{"loc":{"start":{"line":6,"column":2},"end":{"line":8,"column":3}},"type":"if","locations":[{"start":{"line":6,"column":2},"end":{"line":8,"column":3}},{"start":{},"end":{}}],"line":6}},"s":{"0":0,"1":0,"2":0,"3":0},"f":{"0":0},"b":{"0":[0,0]}}
,"/Users/roberto/Repositorio6/kilo-code-web/src/utils/exportData.js": {"path":"/Users/roberto/Repositorio6/kilo-code-web/src/utils/exportData.js","statementMap":{"0":{"start":{"line":6,"column":18},"end":{"line":6,"column":51}},"1":{"start":{"line":7,"column":15},"end":{"line":7,"column":64}},"2":{"start":{"line":8,"column":14},"end":{"line":8,"column":39}},"3":{"start":{"line":10,"column":15},"end":{"line":10,"column":42}},"4":{"start":{"line":11,"column":2},"end":{"line":11,"column":18}},"5":{"start":{"line":12,"column":2},"end":{"line":12,"column":79}},"6":{"start":{"line":13,"column":2},"end":{"line":13,"column":34}},"7":{"start":{"line":14,"column":2},"end":{"line":14,"column":15}},"8":{"start":{"line":15,"column":2},"end":{"line":15,"column":34}},"9":{"start":{"line":16,"column":2},"end":{"line":16,"column":27}},"10":{"start":{"line":21,"column":18},"end":{"line":31,"column":3}},"11":{"start":{"line":34,"column":15},"end":{"line":44,"column":4}},"12":{"start":{"line":34,"column":39},"end":{"line":44,"column":3}},"13":{"start":{"line":47,"column":20},"end":{"line":54,"column":3}},"14":{"start":{"line":48,"column":4},"end":{"line":48,"column":57}},"15":{"start":{"line":48,"column":47},"end":{"line":48,"column":57}},"16":{"start":{"line":49,"column":16},"end":{"line":49,"column":29}},"17":{"start":{"line":50,"column":4},"end":{"line":52,"column":5}},"18":{"start":{"line":51,"column":6},"end":{"line":51,"column":44}},"19":{"start":{"line":53,"column":4},"end":{"line":53,"column":15}},"20":{"start":{"line":56,"column":21},"end":{"line":59,"column":14}},"21":{"start":{"line":58,"column":23},"end":{"line":58,"column":51}},"22":{"start":{"line":62,"column":15},"end":{"line":62,"column":85}},"23":{"start":{"line":63,"column":14},"end":{"line":63,"column":39}},"24":{"start":{"line":65,"column":15},"end":{"line":65,"column":42}},"25":{"start":{"line":66,"column":2},"end":{"line":66,"column":18}},"26":{"start":{"line":67,"column":2},"end":{"line":67,"column":78}},"27":{"start":{"line":68,"column":2},"end":{"line":68,"column":34}},"28":{"start":{"line":69,"column":2},"end":{"line":69,"column":15}},"29":{"start":{"line":70,"column":2},"end":{"line":70,"column":34}},"30":{"start":{"line":71,"column":2},"end":{"line":71,"column":27}},"31":{"start":{"line":75,"column":24},"end":{"line":75,"column":39}},"32":{"start":{"line":76,"column":25},"end":{"line":76,"column":75}},"33":{"start":{"line":76,"column":46},"end":{"line":76,"column":67}},"34":{"start":{"line":77,"column":26},"end":{"line":77,"column":77}},"35":{"start":{"line":77,"column":47},"end":{"line":77,"column":69}},"36":{"start":{"line":78,"column":27},"end":{"line":78,"column":79}},"37":{"start":{"line":78,"column":48},"end":{"line":78,"column":71}},"38":{"start":{"line":79,"column":26},"end":{"line":79,"column":90}},"39":{"start":{"line":79,"column":47},"end":{"line":79,"column":82}},"40":{"start":{"line":81,"column":20},"end":{"line":81,"column":89}},"41":{"start":{"line":81,"column":48},"end":{"line":81,"column":69}},"42":{"start":{"line":82,"column":26},"end":{"line":82,"column":101}},"43":{"start":{"line":82,"column":54},"end":{"line":82,"column":81}},"44":{"start":{"line":84,"column":17},"end":{"line":104,"column":3}},"45":{"start":{"line":95,"column":33},"end":{"line":103,"column":5}},"46":{"start":{"line":106,"column":2},"end":{"line":106,"column":16}},"47":{"start":{"line":110,"column":17},"end":{"line":110,"column":41}},"48":{"start":{"line":111,"column":18},"end":{"line":111,"column":49}},"49":{"start":{"line":112,"column":15},"end":{"line":112,"column":64}},"50":{"start":{"line":113,"column":14},"end":{"line":113,"column":39}},"51":{"start":{"line":115,"column":15},"end":{"line":115,"column":42}},"52":{"start":{"line":116,"column":2},"end":{"line":116,"column":18}},"53":{"start":{"line":117,"column":2},"end":{"line":117,"column":79}},"54":{"start":{"line":118,"column":2},"end":{"line":118,"column":34}},"55":{"start":{"line":119,"column":2},"end":{"line":119,"column":15}},"56":{"start":{"line":120,"column":2},"end":{"line":120,"column":34}},"57":{"start":{"line":121,"column":2},"end":{"line":121,"column":27}}},"fnMap":{"0":{"name":"exportToJSON","decl":{"start":{"line":5,"column":16},"end":{"line":5,"column":28}},"loc":{"start":{"line":5,"column":69},"end":{"line":17,"column":1}},"line":5},"1":{"name":"exportToCSV","decl":{"start":{"line":19,"column":16},"end":{"line":19,"column":27}},"loc":{"start":{"line":19,"column":68},"end":{"line":72,"column":1}},"line":19},"2":{"name":"(anonymous_2)","decl":{"start":{"line":34,"column":28},"end":{"line":34,"column":29}},"loc":{"start":{"line":34,"column":39},"end":{"line":44,"column":3}},"line":34},"3":{"name":"(anonymous_3)","decl":{"start":{"line":47,"column":20},"end":{"line":47,"column":21}},"loc":{"start":{"line":47,"column":31},"end":{"line":54,"column":3}},"line":47},"4":{"name":"(anonymous_4)","decl":{"start":{"line":58,"column":16},"end":{"line":58,"column":17}},"loc":{"start":{"line":58,"column":23},"end":{"line":58,"column":51}},"line":58},"5":{"name":"generateReport","decl":{"start":{"line":74,"column":16},"end":{"line":74,"column":30}},"loc":{"start":{"line":74,"column":41},"end":{"line":107,"column":1}},"line":74},"6":{"name":"(anonymous_6)","decl":{"start":{"line":76,"column":41},"end":{"line":76,"column":42}},"loc":{"start":{"line":76,"column":46},"end":{"line":76,"column":67}},"line":76},"7":{"name":"(anonymous_7)","decl":{"start":{"line":77,"column":42},"end":{"line":77,"column":43}},"loc":{"start":{"line":77,"column":47},"end":{"line":77,"column":69}},"line":77},"8":{"name":"(anonymous_8)","decl":{"start":{"line":78,"column":43},"end":{"line":78,"column":44}},"loc":{"start":{"line":78,"column":48},"end":{"line":78,"column":71}},"line":78},"9":{"name":"(anonymous_9)","decl":{"start":{"line":79,"column":42},"end":{"line":79,"column":43}},"loc":{"start":{"line":79,"column":47},"end":{"line":79,"column":82}},"line":79},"10":{"name":"(anonymous_10)","decl":{"start":{"line":81,"column":36},"end":{"line":81,"column":37}},"loc":{"start":{"line":81,"column":48},"end":{"line":81,"column":69}},"line":81},"11":{"name":"(anonymous_11)","decl":{"start":{"line":82,"column":42},"end":{"line":82,"column":43}},"loc":{"start":{"line":82,"column":54},"end":{"line":82,"column":81}},"line":82},"12":{"name":"(anonymous_12)","decl":{"start":{"line":95,"column":27},"end":{"line":95,"column":28}},"loc":{"start":{"line":95,"column":33},"end":{"line":103,"column":5}},"line":95},"13":{"name":"exportReport","decl":{"start":{"line":109,"column":16},"end":{"line":109,"column":28}},"loc":{"start":{"line":109,"column":69},"end":{"line":122,"column":1}},"line":109}},"branchMap":{"0":{"loc":{"start":{"line":5,"column":39},"end":{"line":5,"column":67}},"type":"default-arg","locations":[{"start":{"line":5,"column":50},"end":{"line":5,"column":67}}],"line":5},"1":{"loc":{"start":{"line":19,"column":38},"end":{"line":19,"column":66}},"type":"default-arg","locations":[{"start":{"line":19,"column":49},"end":{"line":19,"column":66}}],"line":19},"2":{"loc":{"start":{"line":37,"column":4},"end":{"line":37,"column":31}},"type":"binary-expr","locations":[{"start":{"line":37,"column":4},"end":{"line":37,"column":18}},{"start":{"line":37,"column":22},"end":{"line":37,"column":31}}],"line":37},"3":{"loc":{"start":{"line":38,"column":4},"end":{"line":38,"column":30}},"type":"binary-expr","locations":[{"start":{"line":38,"column":4},"end":{"line":38,"column":24}},{"start":{"line":38,"column":28},"end":{"line":38,"column":30}}],"line":38},"4":{"loc":{"start":{"line":39,"column":4},"end":{"line":39,"column":65}},"type":"cond-expr","locations":[{"start":{"line":39,"column":35},"end":{"line":39,"column":60}},{"start":{"line":39,"column":63},"end":{"line":39,"column":65}}],"line":39},"5":{"loc":{"start":{"line":40,"column":4},"end":{"line":40,"column":61}},"type":"cond-expr","locations":[{"start":{"line":40,"column":28},"end":{"line":40,"column":56}},{"start":{"line":40,"column":59},"end":{"line":40,"column":61}}],"line":40},"6":{"loc":{"start":{"line":41,"column":4},"end":{"line":41,"column":84}},"type":"cond-expr","locations":[{"start":{"line":41,"column":26},"end":{"line":41,"column":79}},{"start":{"line":41,"column":82},"end":{"line":41,"column":84}}],"line":41},"7":{"loc":{"start":{"line":42,"column":4},"end":{"line":42,"column":80}},"type":"cond-expr","locations":[{"start":{"line":42,"column":24},"end":{"line":42,"column":75}},{"start":{"line":42,"column":78},"end":{"line":42,"column":80}}],"line":42},"8":{"loc":{"start":{"line":43,"column":4},"end":{"line":43,"column":42}},"type":"cond-expr","locations":[{"start":{"line":43,"column":19},"end":{"line":43,"column":38}},{"start":{"line":43,"column":41},"end":{"line":43,"column":42}}],"line":43},"9":{"loc":{"start":{"line":48,"column":4},"end":{"line":48,"column":57}},"type":"if","locations":[{"start":{"line":48,"column":4},"end":{"line":48,"column":57}},{"start":{},"end":{}}],"line":48},"10":{"loc":{"start":{"line":48,"column":8},"end":{"line":48,"column":45}},"type":"binary-expr","locations":[{"start":{"line":48,"column":8},"end":{"line":48,"column":22}},{"start":{"line":48,"column":26},"end":{"line":48,"column":45}}],"line":48},"11":{"loc":{"start":{"line":50,"column":4},"end":{"line":52,"column":5}},"type":"if","locations":[{"start":{"line":50,"column":4},"end":{"line":52,"column":5}},{"start":{},"end":{}}],"line":50},"12":{"loc":{"start":{"line":50,"column":8},"end":{"line":50,"column":68}},"type":"binary-expr","locations":[{"start":{"line":50,"column":8},"end":{"line":50,"column":25}},{"start":{"line":50,"column":29},"end":{"line":50,"column":46}},{"start":{"line":50,"column":50},"end":{"line":50,"column":68}}],"line":50},"13":{"loc":{"start":{"line":79,"column":47},"end":{"line":79,"column":82}},"type":"binary-expr","locations":[{"start":{"line":79,"column":47},"end":{"line":79,"column":56}},{"start":{"line":79,"column":60},"end":{"line":79,"column":82}}],"line":79},"14":{"loc":{"start":{"line":81,"column":55},"end":{"line":81,"column":68}},"type":"binary-expr","locations":[{"start":{"line":81,"column":55},"end":{"line":81,"column":63}},{"start":{"line":81,"column":67},"end":{"line":81,"column":68}}],"line":81},"15":{"loc":{"start":{"line":82,"column":61},"end":{"line":82,"column":80}},"type":"binary-expr","locations":[{"start":{"line":82,"column":61},"end":{"line":82,"column":75}},{"start":{"line":82,"column":79},"end":{"line":82,"column":80}}],"line":82},"16":{"loc":{"start":{"line":102,"column":17},"end":{"line":102,"column":43}},"type":"cond-expr","locations":[{"start":{"line":102,"column":26},"end":{"line":102,"column":39}},{"start":{"line":102,"column":42},"end":{"line":102,"column":43}}],"line":102},"17":{"loc":{"start":{"line":109,"column":39},"end":{"line":109,"column":67}},"type":"default-arg","locations":[{"start":{"line":109,"column":50},"end":{"line":109,"column":67}}],"line":109}},"s":{"0":3,"1":3,"2":3,"3":3,"4":3,"5":3,"6":3,"7":3,"8":3,"9":3,"10":3,"11":3,"12":4,"13":3,"14":36,"15":4,"16":32,"17":32,"18":2,"19":30,"20":3,"21":4,"22":3,"23":3,"24":3,"25":3,"26":3,"27":3,"28":3,"29":3,"30":3,"31":0,"32":0,"33":0,"34":0,"35":0,"36":0,"37":0,"38":0,"39":0,"40":0,"41":0,"42":0,"43":0,"44":0,"45":0,"46":0,"47":0,"48":0,"49":0,"50":0,"51":0,"52":0,"53":0,"54":0,"55":0,"56":0,"57":0},"f":{"0":3,"1":3,"2":4,"3":36,"4":4,"5":0,"6":0,"7":0,"8":0,"9":0,"10":0,"11":0,"12":0,"13":0},"b":{"0":[0],"1":[0],"2":[4,0],"3":[4,4],"4":[0,4],"5":[0,4],"6":[0,4],"7":[0,4],"8":[0,4],"9":[4,32],"10":[36,36],"11":[2,30],"12":[32,31,30],"13":[0,0],"14":[0,0],"15":[0,0],"16":[0,0],"17":[0]},"_coverageSchema":"1a1c01bbd47fc00a2c39e90264f33305004495a9","hash":"59913003f0302ce78e19ed3ddeb34bcb079dcbeb"}
}
