TN:
SF:src/App.jsx
FN:26,App
FN:34,(anonymous_1)
FN:49,(anonymous_2)
FN:55,(anonymous_3)
FN:56,(anonymous_4)
FN:57,(anonymous_5)
FN:59,(anonymous_6)
FN:64,(anonymous_7)
FN:70,(anonymous_8)
FN:70,(anonymous_9)
FN:71,(anonymous_10)
FN:71,(anonymous_11)
FN:72,(anonymous_12)
FN:73,(anonymous_13)
FN:74,(anonymous_14)
FN:77,(anonymous_15)
FN:93,(anonymous_16)
FN:120,(anonymous_17)
FN:147,(anonymous_18)
FN:164,(anonymous_19)
FN:181,(anonymous_20)
FN:211,(anonymous_21)
FN:216,(anonymous_22)
FN:237,(anonymous_23)
FN:244,(anonymous_24)
FN:254,(anonymous_25)
FN:270,(anonymous_26)
FN:289,(anonymous_27)
FN:308,(anonymous_28)
FN:315,(anonymous_29)
FN:321,(anonymous_30)
FN:324,(anonymous_31)
FN:325,(anonymous_32)
FN:325,(anonymous_33)
FN:326,(anonymous_34)
FNF:35
FNH:0
FNDA:0,App
FNDA:0,(anonymous_1)
FNDA:0,(anonymous_2)
FNDA:0,(anonymous_3)
FNDA:0,(anonymous_4)
FNDA:0,(anonymous_5)
FNDA:0,(anonymous_6)
FNDA:0,(anonymous_7)
FNDA:0,(anonymous_8)
FNDA:0,(anonymous_9)
FNDA:0,(anonymous_10)
FNDA:0,(anonymous_11)
FNDA:0,(anonymous_12)
FNDA:0,(anonymous_13)
FNDA:0,(anonymous_14)
FNDA:0,(anonymous_15)
FNDA:0,(anonymous_16)
FNDA:0,(anonymous_17)
FNDA:0,(anonymous_18)
FNDA:0,(anonymous_19)
FNDA:0,(anonymous_20)
FNDA:0,(anonymous_21)
FNDA:0,(anonymous_22)
FNDA:0,(anonymous_23)
FNDA:0,(anonymous_24)
FNDA:0,(anonymous_25)
FNDA:0,(anonymous_26)
FNDA:0,(anonymous_27)
FNDA:0,(anonymous_28)
FNDA:0,(anonymous_29)
FNDA:0,(anonymous_30)
FNDA:0,(anonymous_31)
FNDA:0,(anonymous_32)
FNDA:0,(anonymous_33)
FNDA:0,(anonymous_34)
DA:24,0
DA:27,0
DA:28,0
DA:29,0
DA:30,0
DA:31,0
DA:32,0
DA:33,0
DA:34,0
DA:35,0
DA:37,0
DA:38,0
DA:39,0
DA:40,0
DA:41,0
DA:42,0
DA:43,0
DA:44,0
DA:47,0
DA:49,0
DA:50,0
DA:54,0
DA:55,0
DA:56,0
DA:58,0
DA:59,0
DA:60,0
DA:61,0
DA:65,0
DA:66,0
DA:67,0
DA:68,0
DA:70,0
DA:71,0
DA:72,0
DA:73,0
DA:74,0
DA:77,0
DA:78,0
DA:79,0
DA:80,0
DA:83,0
DA:84,0
DA:86,0
DA:87,0
DA:89,0
DA:93,0
DA:94,0
DA:95,0
DA:96,0
DA:103,0
DA:104,0
DA:106,0
DA:107,0
DA:108,0
DA:109,0
DA:111,0
DA:112,0
DA:115,0
DA:116,0
DA:120,0
DA:121,0
DA:129,0
DA:131,0
DA:132,0
DA:137,0
DA:138,0
DA:139,0
DA:142,0
DA:143,0
DA:147,0
DA:148,0
DA:149,0
DA:154,0
DA:155,0
DA:156,0
DA:159,0
DA:160,0
DA:164,0
DA:165,0
DA:166,0
DA:171,0
DA:172,0
DA:173,0
DA:176,0
DA:177,0
DA:181,0
DA:182,0
DA:183,0
DA:187,0
DA:188,0
DA:192,0
DA:193,0
DA:204,0
DA:205,0
DA:208,0
DA:211,0
DA:216,0
DA:237,0
DA:244,0
DA:254,0
DA:271,0
DA:272,0
DA:290,0
DA:291,0
DA:308,0
DA:315,0
DA:321,0
DA:324,0
DA:325,0
DA:326,0
LF:111
LH:0
BRDA:24,0,0,0
BRDA:24,0,1,0
BRDA:70,1,0,0
BRDA:70,1,1,0
BRDA:106,2,0,0
BRDA:106,2,1,0
BRDA:112,3,0,0
BRDA:112,3,1,0
BRDA:129,4,0,0
BRDA:129,4,1,0
BRDA:137,5,0,0
BRDA:137,5,1,0
BRDA:154,6,0,0
BRDA:154,6,1,0
BRDA:171,7,0,0
BRDA:171,7,1,0
BRDA:187,8,0,0
BRDA:187,8,1,0
BRDA:192,9,0,0
BRDA:192,9,1,0
BRDA:204,10,0,0
BRDA:204,10,1,0
BRDA:209,11,0,0
BRDA:209,11,1,0
BRDA:219,12,0,0
BRDA:219,12,1,0
BRDA:220,13,0,0
BRDA:220,13,1,0
BRDA:226,14,0,0
BRDA:226,14,1,0
BRDA:228,15,0,0
BRDA:228,15,1,0
BRDA:233,16,0,0
BRDA:233,16,1,0
BRDA:243,17,0,0
BRDA:243,17,1,0
BRDA:259,18,0,0
BRDA:259,18,1,0
BRDA:265,19,0,0
BRDA:265,19,1,0
BRDA:325,20,0,0
BRDA:325,20,1,0
BRF:42
BRH:0
end_of_record
TN:
SF:src/components/CommandPalette.jsx
FN:4,CommandPalette
FN:22,(anonymous_1)
FN:28,(anonymous_2)
FN:32,(anonymous_3)
FN:36,(anonymous_4)
FN:44,(anonymous_5)
FN:46,(anonymous_6)
FN:53,(anonymous_7)
FN:59,(anonymous_8)
FN:63,(anonymous_9)
FN:67,(anonymous_10)
FN:70,(anonymous_11)
FN:75,(anonymous_12)
FN:76,(anonymous_13)
FN:81,(anonymous_14)
FN:81,(anonymous_15)
FN:84,(anonymous_16)
FN:84,(anonymous_17)
FN:84,(anonymous_18)
FN:87,(anonymous_19)
FN:104,(anonymous_20)
FN:121,(anonymous_21)
FN:135,(anonymous_22)
FN:153,(anonymous_23)
FN:157,(anonymous_24)
FN:187,(anonymous_25)
FN:193,(anonymous_26)
FN:227,(anonymous_27)
FNF:28
FNH:0
FNDA:0,CommandPalette
FNDA:0,(anonymous_1)
FNDA:0,(anonymous_2)
FNDA:0,(anonymous_3)
FNDA:0,(anonymous_4)
FNDA:0,(anonymous_5)
FNDA:0,(anonymous_6)
FNDA:0,(anonymous_7)
FNDA:0,(anonymous_8)
FNDA:0,(anonymous_9)
FNDA:0,(anonymous_10)
FNDA:0,(anonymous_11)
FNDA:0,(anonymous_12)
FNDA:0,(anonymous_13)
FNDA:0,(anonymous_14)
FNDA:0,(anonymous_15)
FNDA:0,(anonymous_16)
FNDA:0,(anonymous_17)
FNDA:0,(anonymous_18)
FNDA:0,(anonymous_19)
FNDA:0,(anonymous_20)
FNDA:0,(anonymous_21)
FNDA:0,(anonymous_22)
FNDA:0,(anonymous_23)
FNDA:0,(anonymous_24)
FNDA:0,(anonymous_25)
FNDA:0,(anonymous_26)
FNDA:0,(anonymous_27)
DA:18,0
DA:19,0
DA:20,0
DA:22,0
DA:23,0
DA:24,0
DA:28,0
DA:29,0
DA:30,0
DA:31,0
DA:32,0
DA:33,0
DA:34,0
DA:36,0
DA:37,0
DA:38,0
DA:44,0
DA:45,0
DA:46,0
DA:47,0
DA:53,0
DA:63,0
DA:64,0
DA:65,0
DA:66,0
DA:67,0
DA:69,0
DA:70,0
DA:71,0
DA:75,0
DA:76,0
DA:77,0
DA:79,0
DA:80,0
DA:81,0
DA:82,0
DA:83,0
DA:84,0
DA:85,0
DA:86,0
DA:87,0
DA:88,0
DA:89,0
DA:90,0
DA:91,0
DA:92,0
DA:93,0
DA:94,0
DA:95,0
DA:96,0
DA:103,0
DA:104,0
DA:107,0
DA:109,0
DA:111,0
DA:122,0
DA:123,0
DA:136,0
DA:137,0
DA:144,0
DA:145,0
DA:146,0
DA:148,0
DA:149,0
DA:150,0
DA:154,0
DA:155,0
DA:157,0
DA:181,0
DA:182,0
DA:183,0
DA:184,0
DA:188,0
DA:189,0
DA:190,0
DA:193,0
DA:211,0
DA:227,0
LF:78
LH:0
BRDA:23,0,0,0
BRDA:23,0,1,0
BRDA:29,1,0,0
BRDA:29,1,1,0
BRDA:45,2,0,0
BRDA:45,2,1,0
BRDA:47,3,0,0
BRDA:47,3,1,0
BRDA:55,4,0,0
BRDA:55,4,1,0
BRDA:55,5,0,0
BRDA:55,5,1,0
BRDA:56,6,0,0
BRDA:56,6,1,0
BRDA:58,7,0,0
BRDA:58,7,1,0
BRDA:58,8,0,0
BRDA:58,8,1,0
BRDA:65,9,0,0
BRDA:65,9,1,0
BRDA:77,10,0,0
BRDA:77,10,1,0
BRDA:79,11,0,0
BRDA:79,11,1,0
BRDA:82,12,0,0
BRDA:82,12,1,0
BRDA:85,13,0,0
BRDA:85,13,1,0
BRDA:89,14,0,0
BRDA:89,14,1,0
BRDA:90,15,0,0
BRDA:90,15,1,0
BRDA:93,16,0,0
BRDA:93,16,1,0
BRDA:95,17,0,0
BRDA:95,17,1,0
BRDA:107,18,0,0
BRDA:107,18,1,0
BRDA:136,19,0,0
BRDA:136,19,1,0
BRDA:148,20,0,0
BRDA:148,20,1,0
BRDA:159,21,0,0
BRDA:159,21,1,0
BRDA:165,22,0,0
BRDA:165,22,1,0
BRDA:166,23,0,0
BRDA:166,23,1,0
BRDA:181,24,0,0
BRDA:181,24,1,0
BRDA:189,25,0,0
BRDA:189,25,1,0
BRDA:195,26,0,0
BRDA:195,26,1,0
BRF:54
BRH:0
end_of_record
TN:
SF:src/components/DashboardStats.jsx
FN:5,(anonymous_0)
FN:32,(anonymous_1)
FN:61,DashboardStats
FN:62,(anonymous_3)
FN:64,(anonymous_4)
FN:65,(anonymous_5)
FN:66,(anonymous_6)
FN:67,(anonymous_7)
FN:70,(anonymous_8)
FN:71,(anonymous_9)
FN:71,(anonymous_10)
FN:74,(anonymous_11)
FN:76,(anonymous_12)
FNF:13
FNH:0
FNDA:0,(anonymous_0)
FNDA:0,(anonymous_1)
FNDA:0,DashboardStats
FNDA:0,(anonymous_3)
FNDA:0,(anonymous_4)
FNDA:0,(anonymous_5)
FNDA:0,(anonymous_6)
FNDA:0,(anonymous_7)
FNDA:0,(anonymous_8)
FNDA:0,(anonymous_9)
FNDA:0,(anonymous_10)
FNDA:0,(anonymous_11)
FNDA:0,(anonymous_12)
DA:5,0
DA:6,0
DA:15,0
DA:32,0
DA:33,0
DA:35,0
DA:42,0
DA:62,0
DA:63,0
DA:64,0
DA:65,0
DA:66,0
DA:67,0
DA:69,0
DA:70,0
DA:71,0
DA:74,0
DA:75,0
DA:76,0
DA:79,0
DA:90,0
DA:92,0
DA:114,0
LF:23
LH:0
BRDA:5,0,0,0
BRDA:19,1,0,0
BRDA:19,1,1,0
BRDA:24,2,0,0
BRDA:24,2,1,0
BRDA:33,3,0,0
BRDA:33,3,1,0
BRDA:65,4,0,0
BRDA:65,4,1,0
BRDA:66,5,0,0
BRDA:66,5,1,0
BRDA:69,6,0,0
BRDA:69,6,1,0
BRDA:75,7,0,0
BRDA:75,7,1,0
BRDA:76,8,0,0
BRDA:76,8,1,0
BRDA:90,9,0,0
BRDA:90,9,1,0
BRDA:137,10,0,0
BRDA:137,10,1,0
BRDA:145,11,0,0
BRDA:145,11,1,0
BRDA:168,12,0,0
BRDA:168,12,1,0
BRF:25
BRH:0
end_of_record
TN:
SF:src/components/EmptyState.jsx
FN:3,EmptyState
FNF:1
FNH:0
FNDA:0,EmptyState
DA:4,0
LF:1
LH:0
BRF:0
BRH:0
end_of_record
TN:
SF:src/components/ExportButton.jsx
FN:4,ExportButton
FN:9,(anonymous_1)
FN:10,(anonymous_2)
FN:17,(anonymous_3)
FN:20,(anonymous_4)
FN:40,(anonymous_5)
FN:59,(anonymous_6)
FN:72,(anonymous_7)
FN:87,(anonymous_8)
FNF:9
FNH:0
FNDA:0,ExportButton
FNDA:0,(anonymous_1)
FNDA:0,(anonymous_2)
FNDA:0,(anonymous_3)
FNDA:0,(anonymous_4)
FNDA:0,(anonymous_5)
FNDA:0,(anonymous_6)
FNDA:0,(anonymous_7)
FNDA:0,(anonymous_8)
DA:5,0
DA:6,0
DA:9,0
DA:10,0
DA:11,0
DA:12,0
DA:16,0
DA:17,0
DA:20,0
DA:21,0
DA:23,0
DA:24,0
DA:26,0
DA:27,0
DA:29,0
DA:30,0
DA:32,0
DA:34,0
DA:37,0
DA:40,0
DA:59,0
DA:72,0
DA:87,0
LF:23
LH:0
BRDA:11,0,0,0
BRDA:11,0,1,0
BRDA:11,1,0,0
BRDA:11,1,1,0
BRDA:21,2,0,0
BRDA:21,2,1,0
BRDA:21,2,2,0
BRDA:21,2,3,0
BRDA:47,3,0,0
BRDA:47,3,1,0
BRDA:52,4,0,0
BRDA:52,4,1,0
BRF:12
BRH:0
end_of_record
TN:
SF:src/components/Footer.jsx
FN:3,Footer
FNF:1
FNH:0
FNDA:0,Footer
DA:4,0
DA:6,0
LF:2
LH:0
BRF:0
BRH:0
end_of_record
TN:
SF:src/components/Header.jsx
FN:5,Header
FNF:1
FNH:0
FNDA:0,Header
DA:6,0
DA:7,0
LF:2
LH:0
BRDA:44,0,0,0
BRDA:44,0,1,0
BRDA:48,1,0,0
BRDA:48,1,1,0
BRDA:50,2,0,0
BRDA:50,2,1,0
BRDA:53,3,0,0
BRDA:53,3,1,0
BRF:8
BRH:0
end_of_record
TN:
SF:src/components/IncidentsPage.jsx
FN:7,formatDuration
FN:18,formatDate
FN:28,IncidentsPage
FN:36,(anonymous_3)
FN:40,(anonymous_4)
FN:46,(anonymous_5)
FN:61,(anonymous_6)
FN:84,(anonymous_7)
FN:111,(anonymous_8)
FN:114,(anonymous_9)
FN:128,(anonymous_10)
FN:222,(anonymous_11)
FNF:12
FNH:0
FNDA:0,formatDuration
FNDA:0,formatDate
FNDA:0,IncidentsPage
FNDA:0,(anonymous_3)
FNDA:0,(anonymous_4)
FNDA:0,(anonymous_5)
FNDA:0,(anonymous_6)
FNDA:0,(anonymous_7)
FNDA:0,(anonymous_8)
FNDA:0,(anonymous_9)
FNDA:0,(anonymous_10)
FNDA:0,(anonymous_11)
DA:5,0
DA:8,0
DA:9,0
DA:10,0
DA:11,0
DA:13,0
DA:14,0
DA:15,0
DA:19,0
DA:29,0
DA:30,0
DA:31,0
DA:32,0
DA:33,0
DA:34,0
DA:36,0
DA:37,0
DA:40,0
DA:41,0
DA:42,0
DA:46,0
DA:47,0
DA:48,0
DA:51,0
DA:52,0
DA:53,0
DA:54,0
DA:57,0
DA:61,0
DA:62,0
DA:63,0
DA:64,0
DA:68,0
DA:69,0
DA:71,0
DA:73,0
DA:77,0
DA:84,0
DA:111,0
DA:115,0
DA:128,0
DA:223,0
LF:42
LH:0
BRDA:5,0,0,0
BRDA:5,0,1,0
BRDA:8,1,0,0
BRDA:8,1,1,0
BRDA:8,2,0,0
BRDA:8,2,1,0
BRDA:13,3,0,0
BRDA:13,3,1,0
BRDA:14,4,0,0
BRDA:14,4,1,0
BRDA:41,5,0,0
BRDA:41,5,1,0
BRDA:53,6,0,0
BRDA:53,6,1,0
BRDA:110,7,0,0
BRDA:110,7,1,0
BRDA:141,8,0,0
BRDA:141,8,1,0
BRDA:141,8,2,0
BRDA:150,9,0,0
BRDA:150,9,1,0
BRDA:182,10,0,0
BRDA:182,10,1,0
BRDA:203,11,0,0
BRDA:203,11,1,0
BRDA:208,12,0,0
BRDA:208,12,1,0
BRDA:236,13,0,0
BRDA:236,13,1,0
BRF:29
BRH:0
end_of_record
TN:
SF:src/components/KeyboardShortcutsHelp.jsx
FN:15,KeyboardShortcutsHelp
FN:16,(anonymous_1)
FN:22,(anonymous_2)
FN:24,(anonymous_3)
FN:27,(anonymous_4)
FN:60,(anonymous_5)
FNF:6
FNH:0
FNDA:0,KeyboardShortcutsHelp
FNDA:0,(anonymous_1)
FNDA:0,(anonymous_2)
FNDA:0,(anonymous_3)
FNDA:0,(anonymous_4)
FNDA:0,(anonymous_5)
DA:4,0
DA:16,0
DA:17,0
DA:18,0
DA:22,0
DA:23,0
DA:24,0
DA:25,0
DA:27,0
DA:28,0
DA:29,0
DA:34,0
DA:36,0
DA:61,0
LF:14
LH:0
BRDA:17,0,0,0
BRDA:17,0,1,0
BRDA:23,1,0,0
BRDA:23,1,1,0
BRDA:34,2,0,0
BRDA:34,2,1,0
BRF:6
BRH:0
end_of_record
TN:
SF:src/components/Login.jsx
FN:6,Login
FN:13,(anonymous_1)
FN:72,(anonymous_2)
FN:79,(anonymous_3)
FNF:4
FNH:0
FNDA:0,Login
FNDA:0,(anonymous_1)
FNDA:0,(anonymous_2)
FNDA:0,(anonymous_3)
DA:7,0
DA:8,0
DA:9,0
DA:10,0
DA:11,0
DA:13,0
DA:14,0
DA:15,0
DA:16,0
DA:18,0
DA:20,0
DA:21,0
DA:24,0
DA:27,0
DA:72,0
DA:79,0
LF:16
LH:0
BRDA:20,0,0,0
BRDA:20,0,1,0
BRDA:21,1,0,0
BRDA:21,1,1,0
BRDA:70,2,0,0
BRDA:70,2,1,0
BRDA:82,3,0,0
BRDA:82,3,1,0
BRDA:91,4,0,0
BRDA:91,4,1,0
BRDA:103,5,0,0
BRDA:103,5,1,0
BRDA:105,6,0,0
BRDA:105,6,1,0
BRF:14
BRH:0
end_of_record
TN:
SF:src/components/OnboardingGuide.jsx
FN:3,OnboardingGuide
FN:10,(anonymous_1)
FN:67,(anonymous_2)
FN:76,(anonymous_3)
FN:81,(anonymous_4)
FN:113,(anonymous_5)
FN:116,(anonymous_6)
FNF:7
FNH:0
FNDA:0,OnboardingGuide
FNDA:0,(anonymous_1)
FNDA:0,(anonymous_2)
FNDA:0,(anonymous_3)
FNDA:0,(anonymous_4)
FNDA:0,(anonymous_5)
FNDA:0,(anonymous_6)
DA:4,0
DA:7,0
DA:10,0
DA:11,0
DA:14,0
DA:67,0
DA:68,0
DA:69,0
DA:71,0
DA:72,0
DA:76,0
DA:77,0
DA:78,0
DA:81,0
DA:82,0
DA:83,0
DA:88,0
DA:90,0
DA:91,0
DA:93,0
DA:114,0
DA:116,0
LF:22
LH:0
BRDA:68,0,0,0
BRDA:68,0,1,0
BRDA:82,1,0,0
BRDA:82,1,1,0
BRDA:88,2,0,0
BRDA:88,2,1,0
BRDA:88,3,0,0
BRDA:88,3,1,0
BRDA:88,3,2,0
BRDA:118,4,0,0
BRDA:118,4,1,0
BRDA:120,5,0,0
BRDA:120,5,1,0
BRDA:156,6,0,0
BRDA:156,6,1,0
BRDA:168,7,0,0
BRDA:168,7,1,0
BRF:17
BRH:0
end_of_record
TN:
SF:src/components/PerformanceChart.jsx
FN:7,PerformanceChart
FN:20,(anonymous_1)
FN:24,(anonymous_2)
FN:39,(anonymous_3)
FN:42,(anonymous_4)
FN:43,(anonymous_5)
FN:46,(anonymous_6)
FN:56,(anonymous_7)
FN:59,(anonymous_8)
FN:66,(anonymous_9)
FN:69,(anonymous_10)
FN:78,(anonymous_11)
FN:86,(anonymous_12)
FN:140,(anonymous_13)
FN:143,(anonymous_14)
FN:211,(anonymous_15)
FN:243,(anonymous_16)
FNF:17
FNH:0
FNDA:0,PerformanceChart
FNDA:0,(anonymous_1)
FNDA:0,(anonymous_2)
FNDA:0,(anonymous_3)
FNDA:0,(anonymous_4)
FNDA:0,(anonymous_5)
FNDA:0,(anonymous_6)
FNDA:0,(anonymous_7)
FNDA:0,(anonymous_8)
FNDA:0,(anonymous_9)
FNDA:0,(anonymous_10)
FNDA:0,(anonymous_11)
FNDA:0,(anonymous_12)
FNDA:0,(anonymous_13)
FNDA:0,(anonymous_14)
FNDA:0,(anonymous_15)
FNDA:0,(anonymous_16)
DA:5,0
DA:8,0
DA:9,0
DA:10,0
DA:11,0
DA:13,0
DA:20,0
DA:21,0
DA:24,0
DA:25,0
DA:26,0
DA:27,0
DA:28,0
DA:29,0
DA:30,0
DA:32,0
DA:34,0
DA:39,0
DA:40,0
DA:42,0
DA:43,0
DA:44,0
DA:46,0
DA:56,0
DA:57,0
DA:59,0
DA:60,0
DA:61,0
DA:66,0
DA:67,0
DA:69,0
DA:70,0
DA:71,0
DA:74,0
DA:78,0
DA:79,0
DA:86,0
DA:87,0
DA:93,0
DA:94,0
DA:104,0
DA:105,0
DA:120,0
DA:141,0
DA:143,0
DA:212,0
DA:244,0
LF:47
LH:0
BRDA:5,0,0,0
BRDA:5,0,1,0
BRDA:7,1,0,0
BRDA:40,2,0,0
BRDA:40,2,1,0
BRDA:42,3,0,0
BRDA:42,3,1,0
BRDA:43,4,0,0
BRDA:43,4,1,0
BRDA:44,5,0,0
BRDA:44,5,1,0
BRDA:47,6,0,0
BRDA:47,6,1,0
BRDA:57,7,0,0
BRDA:57,7,1,0
BRDA:60,8,0,0
BRDA:60,8,1,0
BRDA:67,9,0,0
BRDA:67,9,1,0
BRDA:70,10,0,0
BRDA:70,10,1,0
BRDA:93,11,0,0
BRDA:93,11,1,0
BRDA:95,12,0,0
BRDA:95,12,1,0
BRDA:104,13,0,0
BRDA:104,13,1,0
BRDA:106,14,0,0
BRDA:106,14,1,0
BRDA:121,15,0,0
BRDA:121,15,1,0
BRDA:126,16,0,0
BRDA:126,16,1,0
BRDA:129,17,0,0
BRDA:129,17,1,0
BRDA:145,18,0,0
BRDA:145,18,1,0
BRDA:157,19,0,0
BRDA:157,19,1,0
BRDA:164,20,0,0
BRDA:164,20,1,0
BRDA:174,21,0,0
BRDA:174,21,1,0
BRDA:184,22,0,0
BRDA:184,22,1,0
BRDA:194,23,0,0
BRDA:194,23,1,0
BRDA:251,24,0,0
BRDA:251,24,1,0
BRDA:252,25,0,0
BRDA:252,25,1,0
BRDA:261,26,0,0
BRDA:261,26,1,0
BRDA:262,27,0,0
BRDA:262,27,1,0
BRDA:269,28,0,0
BRDA:269,28,1,0
BRDA:275,29,0,0
BRDA:275,29,1,0
BRDA:281,30,0,0
BRDA:281,30,1,0
BRF:61
BRH:0
end_of_record
TN:
SF:src/components/ServiceCard.jsx
FN:6,ServiceCard
FN:11,(anonymous_1)
FN:75,(anonymous_2)
FN:93,(anonymous_3)
FN:99,(anonymous_4)
FN:106,(anonymous_5)
FN:143,(anonymous_6)
FN:235,(anonymous_7)
FN:321,(anonymous_8)
FN:334,(anonymous_9)
FN:347,(anonymous_10)
FN:371,(anonymous_11)
FNF:12
FNH:0
FNDA:0,ServiceCard
FNDA:0,(anonymous_1)
FNDA:0,(anonymous_2)
FNDA:0,(anonymous_3)
FNDA:0,(anonymous_4)
FNDA:0,(anonymous_5)
FNDA:0,(anonymous_6)
FNDA:0,(anonymous_7)
FNDA:0,(anonymous_8)
FNDA:0,(anonymous_9)
FNDA:0,(anonymous_10)
FNDA:0,(anonymous_11)
DA:7,0
DA:8,0
DA:9,0
DA:11,0
DA:12,0
DA:69,0
DA:72,0
DA:73,0
DA:75,0
DA:76,0
DA:77,0
DA:78,0
DA:79,0
DA:81,0
DA:82,0
DA:83,0
DA:85,0
DA:93,0
DA:94,0
DA:95,0
DA:96,0
DA:99,0
DA:100,0
DA:101,0
DA:102,0
DA:103,0
DA:106,0
DA:107,0
DA:108,0
DA:109,0
DA:112,0
DA:113,0
DA:143,0
DA:191,0
DA:235,0
DA:321,0
DA:334,0
DA:347,0
DA:372,0
DA:373,0
DA:374,0
LF:41
LH:0
BRDA:69,0,0,0
BRDA:69,0,1,0
BRDA:76,1,0,0
BRDA:76,1,1,0
BRDA:81,2,0,0
BRDA:81,2,1,0
BRDA:82,3,0,0
BRDA:82,3,1,0
BRDA:83,4,0,0
BRDA:83,4,1,0
BRDA:94,5,0,0
BRDA:94,5,1,0
BRDA:95,6,0,0
BRDA:95,6,1,0
BRDA:100,7,0,0
BRDA:100,7,1,0
BRDA:101,8,0,0
BRDA:101,8,1,0
BRDA:102,9,0,0
BRDA:102,9,1,0
BRDA:112,10,0,0
BRDA:112,10,1,0
BRDA:116,11,0,0
BRDA:116,11,1,0
BRDA:125,12,0,0
BRDA:125,12,1,0
BRDA:125,13,0,0
BRDA:125,13,1,0
BRDA:133,14,0,0
BRDA:133,14,1,0
BRDA:136,15,0,0
BRDA:136,15,1,0
BRDA:175,16,0,0
BRDA:175,16,1,0
BRDA:194,17,0,0
BRDA:194,17,1,0
BRDA:200,18,0,0
BRDA:200,18,1,0
BRDA:210,19,0,0
BRDA:210,19,1,0
BRDA:210,19,2,0
BRDA:228,20,0,0
BRDA:228,20,1,0
BRDA:260,21,0,0
BRDA:260,21,1,0
BRDA:270,22,0,0
BRDA:270,22,1,0
BRDA:270,23,0,0
BRDA:270,23,1,0
BRDA:278,24,0,0
BRDA:278,24,1,0
BRDA:302,25,0,0
BRDA:302,25,1,0
BRDA:305,26,0,0
BRDA:305,26,1,0
BRDA:319,27,0,0
BRDA:319,27,1,0
BRDA:323,28,0,0
BRDA:323,28,1,0
BRDA:332,29,0,0
BRDA:332,29,1,0
BRDA:336,30,0,0
BRDA:336,30,1,0
BRDA:347,31,0,0
BRDA:347,31,1,0
BRDA:357,32,0,0
BRDA:357,32,1,0
BRDA:364,33,0,0
BRDA:364,33,1,0
BRDA:364,33,2,0
BRDA:364,33,3,0
BRDA:389,34,0,0
BRDA:389,34,1,0
BRF:73
BRH:0
end_of_record
TN:
SF:src/components/ServiceCharts.jsx
FN:5,(anonymous_0)
FN:27,(anonymous_1)
FN:41,ServiceCharts
FN:43,(anonymous_3)
FN:47,(anonymous_4)
FN:50,(anonymous_5)
FN:63,(anonymous_6)
FN:72,(anonymous_7)
FN:73,(anonymous_8)
FN:80,(anonymous_9)
FN:151,(anonymous_10)
FN:163,(anonymous_11)
FNF:12
FNH:0
FNDA:0,(anonymous_0)
FNDA:0,(anonymous_1)
FNDA:0,ServiceCharts
FNDA:0,(anonymous_3)
FNDA:0,(anonymous_4)
FNDA:0,(anonymous_5)
FNDA:0,(anonymous_6)
FNDA:0,(anonymous_7)
FNDA:0,(anonymous_8)
FNDA:0,(anonymous_9)
FNDA:0,(anonymous_10)
FNDA:0,(anonymous_11)
DA:5,0
DA:6,0
DA:7,0
DA:8,0
DA:23,0
DA:27,0
DA:28,0
DA:29,0
DA:30,0
DA:38,0
DA:43,0
DA:44,0
DA:46,0
DA:47,0
DA:50,0
DA:63,0
DA:64,0
DA:65,0
DA:66,0
DA:72,0
DA:73,0
DA:74,0
DA:76,0
DA:80,0
DA:83,0
DA:84,0
DA:93,0
DA:151,0
DA:164,0
LF:29
LH:0
BRDA:6,0,0,0
BRDA:6,0,1,0
BRDA:6,1,0,0
BRDA:6,1,1,0
BRDA:6,1,2,0
BRDA:15,2,0,0
BRDA:15,2,1,0
BRDA:16,3,0,0
BRDA:16,3,1,0
BRDA:28,4,0,0
BRDA:28,4,1,0
BRDA:28,5,0,0
BRDA:28,5,1,0
BRDA:28,5,2,0
BRDA:44,6,0,0
BRDA:44,6,1,0
BRDA:44,7,0,0
BRDA:44,7,1,0
BRDA:64,8,0,0
BRDA:64,8,1,0
BRDA:65,9,0,0
BRDA:65,9,1,0
BRDA:67,10,0,0
BRDA:67,10,1,0
BRDA:73,11,0,0
BRDA:73,11,1,0
BRDA:83,12,0,0
BRDA:83,12,1,0
BRDA:83,13,0,0
BRDA:83,13,1,0
BRF:30
BRH:0
end_of_record
TN:
SF:src/components/ServiceDrawer.jsx
FN:5,ServiceDrawer
FN:7,(anonymous_1)
FN:8,(anonymous_2)
FN:15,(anonymous_3)
FN:23,(anonymous_4)
FN:66,(anonymous_5)
FN:72,(anonymous_6)
FN:77,(anonymous_7)
FN:90,(anonymous_8)
FN:211,(anonymous_9)
FNF:10
FNH:0
FNDA:0,ServiceDrawer
FNDA:0,(anonymous_1)
FNDA:0,(anonymous_2)
FNDA:0,(anonymous_3)
FNDA:0,(anonymous_4)
FNDA:0,(anonymous_5)
FNDA:0,(anonymous_6)
FNDA:0,(anonymous_7)
FNDA:0,(anonymous_8)
FNDA:0,(anonymous_9)
DA:7,0
DA:8,0
DA:9,0
DA:11,0
DA:12,0
DA:13,0
DA:15,0
DA:16,0
DA:17,0
DA:21,0
DA:23,0
DA:24,0
DA:61,0
DA:64,0
DA:66,0
DA:67,0
DA:68,0
DA:69,0
DA:72,0
DA:73,0
DA:74,0
DA:77,0
DA:78,0
DA:79,0
DA:80,0
DA:90,0
DA:91,0
DA:92,0
DA:93,0
DA:94,0
DA:97,0
DA:212,0
LF:32
LH:0
BRDA:9,0,0,0
BRDA:9,0,1,0
BRDA:11,1,0,0
BRDA:11,1,1,0
BRDA:21,2,0,0
BRDA:21,2,1,0
BRDA:21,3,0,0
BRDA:21,3,1,0
BRDA:61,4,0,0
BRDA:61,4,1,0
BRDA:67,5,0,0
BRDA:67,5,1,0
BRDA:68,6,0,0
BRDA:68,6,1,0
BRDA:73,7,0,0
BRDA:73,7,1,0
BRDA:73,8,0,0
BRDA:73,8,1,0
BRDA:78,9,0,0
BRDA:78,9,1,0
BRDA:92,10,0,0
BRDA:92,10,1,0
BRDA:93,11,0,0
BRDA:93,11,1,0
BRDA:185,12,0,0
BRDA:185,12,1,0
BRDA:204,13,0,0
BRDA:204,13,1,0
BRDA:204,13,2,0
BRDA:215,14,0,0
BRDA:215,14,1,0
BRDA:217,15,0,0
BRDA:217,15,1,0
BRDA:225,16,0,0
BRDA:225,16,1,0
BRF:35
BRH:0
end_of_record
TN:
SF:src/components/ServiceFilters.jsx
FN:5,ServiceFilters
FN:16,(anonymous_1)
FN:17,(anonymous_2)
FN:18,(anonymous_3)
FN:19,(anonymous_4)
FN:20,(anonymous_5)
FN:31,(anonymous_6)
FN:37,(anonymous_7)
FN:44,(anonymous_8)
FN:47,(anonymous_9)
FN:69,(anonymous_10)
FN:86,(anonymous_11)
FN:91,(anonymous_12)
FN:101,(anonymous_13)
FN:107,(anonymous_14)
FN:130,(anonymous_15)
FN:135,(anonymous_16)
FN:145,(anonymous_17)
FN:164,(anonymous_18)
FN:175,(anonymous_19)
FN:204,(anonymous_20)
FN:207,(anonymous_21)
FN:234,(anonymous_22)
FN:237,(anonymous_23)
FNF:24
FNH:0
FNDA:0,ServiceFilters
FNDA:0,(anonymous_1)
FNDA:0,(anonymous_2)
FNDA:0,(anonymous_3)
FNDA:0,(anonymous_4)
FNDA:0,(anonymous_5)
FNDA:0,(anonymous_6)
FNDA:0,(anonymous_7)
FNDA:0,(anonymous_8)
FNDA:0,(anonymous_9)
FNDA:0,(anonymous_10)
FNDA:0,(anonymous_11)
FNDA:0,(anonymous_12)
FNDA:0,(anonymous_13)
FNDA:0,(anonymous_14)
FNDA:0,(anonymous_15)
FNDA:0,(anonymous_16)
FNDA:0,(anonymous_17)
FNDA:0,(anonymous_18)
FNDA:0,(anonymous_19)
FNDA:0,(anonymous_20)
FNDA:0,(anonymous_21)
FNDA:0,(anonymous_22)
FNDA:0,(anonymous_23)
DA:6,0
DA:7,0
DA:8,0
DA:9,0
DA:12,0
DA:14,0
DA:16,0
DA:17,0
DA:18,0
DA:19,0
DA:20,0
DA:23,0
DA:31,0
DA:32,0
DA:33,0
DA:35,0
DA:36,0
DA:37,0
DA:38,0
DA:43,0
DA:44,0
DA:47,0
DA:48,0
DA:50,0
DA:52,0
DA:53,0
DA:56,0
DA:58,0
DA:60,0
DA:62,0
DA:66,0
DA:69,0
DA:70,0
DA:73,0
DA:74,0
DA:76,0
DA:77,0
DA:86,0
DA:91,0
DA:101,0
DA:107,0
DA:118,0
DA:130,0
DA:135,0
DA:145,0
DA:164,0
DA:175,0
DA:205,0
DA:207,0
DA:235,0
DA:237,0
LF:51
LH:0
BRDA:9,0,0,0
BRDA:9,0,1,0
BRDA:12,1,0,0
BRDA:12,1,1,0
BRDA:20,2,0,0
BRDA:20,2,1,0
BRDA:32,3,0,0
BRDA:32,3,1,0
BRDA:35,4,0,0
BRDA:35,4,1,0
BRDA:38,5,0,0
BRDA:38,5,1,0
BRDA:43,6,0,0
BRDA:43,6,1,0
BRDA:48,7,0,0
BRDA:48,7,1,0
BRDA:48,7,2,0
BRDA:48,7,3,0
BRDA:48,7,4,0
BRDA:48,7,5,0
BRDA:50,8,0,0
BRDA:50,8,1,0
BRDA:50,9,0,0
BRDA:50,9,1,0
BRDA:53,10,0,0
BRDA:53,10,1,0
BRDA:53,11,0,0
BRDA:53,11,1,0
BRDA:56,12,0,0
BRDA:56,12,1,0
BRDA:56,13,0,0
BRDA:56,13,1,0
BRDA:58,14,0,0
BRDA:58,14,1,0
BRDA:58,15,0,0
BRDA:58,15,1,0
BRDA:60,16,0,0
BRDA:60,16,1,0
BRDA:60,17,0,0
BRDA:60,17,1,0
BRDA:73,18,0,0
BRDA:73,18,1,0
BRDA:73,19,0,0
BRDA:73,19,1,0
BRDA:74,20,0,0
BRDA:74,20,1,0
BRDA:76,21,0,0
BRDA:76,21,1,0
BRDA:89,22,0,0
BRDA:89,22,1,0
BRDA:102,23,0,0
BRDA:102,23,1,0
BRDA:108,24,0,0
BRDA:108,24,1,0
BRDA:133,25,0,0
BRDA:133,25,1,0
BRDA:147,26,0,0
BRDA:147,26,1,0
BRDA:147,27,0,0
BRDA:147,27,1,0
BRDA:154,28,0,0
BRDA:154,28,1,0
BRDA:166,29,0,0
BRDA:166,29,1,0
BRDA:177,30,0,0
BRDA:177,30,1,0
BRDA:195,31,0,0
BRDA:195,31,1,0
BRDA:209,32,0,0
BRDA:209,32,1,0
BRDA:217,33,0,0
BRDA:217,33,1,0
BRDA:239,34,0,0
BRDA:239,34,1,0
BRF:74
BRH:0
end_of_record
TN:
SF:src/components/ServiceForm.jsx
FN:4,ServiceForm
FN:27,(anonymous_1)
FN:67,(anonymous_2)
FN:76,(anonymous_3)
FN:125,(anonymous_4)
FN:127,(anonymous_5)
FN:132,(anonymous_6)
FN:136,(anonymous_7)
FN:137,(anonymous_8)
FN:158,(anonymous_9)
FN:355,(anonymous_10)
FN:361,(anonymous_11)
FN:385,(anonymous_12)
FN:433,(anonymous_13)
FNF:14
FNH:0
FNDA:0,ServiceForm
FNDA:0,(anonymous_1)
FNDA:0,(anonymous_2)
FNDA:0,(anonymous_3)
FNDA:0,(anonymous_4)
FNDA:0,(anonymous_5)
FNDA:0,(anonymous_6)
FNDA:0,(anonymous_7)
FNDA:0,(anonymous_8)
FNDA:0,(anonymous_9)
FNDA:0,(anonymous_10)
FNDA:0,(anonymous_11)
FNDA:0,(anonymous_12)
FNDA:0,(anonymous_13)
DA:5,0
DA:15,0
DA:16,0
DA:18,0
DA:27,0
DA:28,0
DA:30,0
DA:31,0
DA:32,0
DA:33,0
DA:37,0
DA:38,0
DA:39,0
DA:40,0
DA:41,0
DA:43,0
DA:44,0
DA:45,0
DA:47,0
DA:48,0
DA:49,0
DA:50,0
DA:54,0
DA:55,0
DA:59,0
DA:60,0
DA:63,0
DA:64,0
DA:67,0
DA:68,0
DA:69,0
DA:70,0
DA:72,0
DA:76,0
DA:77,0
DA:79,0
DA:80,0
DA:82,0
DA:84,0
DA:92,0
DA:93,0
DA:95,0
DA:96,0
DA:97,0
DA:98,0
DA:102,0
DA:103,0
DA:106,0
DA:116,0
DA:118,0
DA:120,0
DA:125,0
DA:126,0
DA:127,0
DA:131,0
DA:132,0
DA:136,0
DA:137,0
DA:144,0
DA:147,0
DA:158,0
DA:159,0
DA:162,0
DA:193,0
DA:252,0
DA:287,0
DA:327,0
DA:331,0
DA:356,0
DA:357,0
DA:361,0
DA:385,0
DA:434,0
LF:73
LH:0
BRDA:30,0,0,0
BRDA:30,0,1,0
BRDA:32,1,0,0
BRDA:32,1,1,0
BRDA:37,2,0,0
BRDA:37,2,1,0
BRDA:37,3,0,0
BRDA:37,3,1,0
BRDA:38,4,0,0
BRDA:38,4,1,0
BRDA:40,5,0,0
BRDA:40,5,1,0
BRDA:43,6,0,0
BRDA:43,6,1,0
BRDA:44,7,0,0
BRDA:44,7,1,0
BRDA:47,8,0,0
BRDA:47,8,1,0
BRDA:49,9,0,0
BRDA:49,9,1,0
BRDA:49,10,0,0
BRDA:49,10,1,0
BRDA:54,11,0,0
BRDA:54,11,1,0
BRDA:59,12,0,0
BRDA:59,12,1,0
BRDA:59,13,0,0
BRDA:59,13,1,0
BRDA:79,14,0,0
BRDA:79,14,1,0
BRDA:92,15,0,0
BRDA:92,15,1,0
BRDA:92,16,0,0
BRDA:92,16,1,0
BRDA:97,17,0,0
BRDA:97,17,1,0
BRDA:129,18,0,0
BRDA:129,18,1,0
BRDA:129,19,0,0
BRDA:129,19,1,0
BRDA:129,20,0,0
BRDA:129,20,1,0
BRDA:131,21,0,0
BRDA:131,21,1,0
BRDA:159,22,0,0
BRDA:159,22,1,0
BRDA:159,22,2,0
BRDA:159,22,3,0
BRDA:159,22,4,0
BRDA:159,22,5,0
BRDA:159,22,6,0
BRDA:176,23,0,0
BRDA:176,23,1,0
BRDA:180,24,0,0
BRDA:180,24,1,0
BRDA:183,25,0,0
BRDA:183,25,1,0
BRDA:208,26,0,0
BRDA:208,26,1,0
BRDA:215,27,0,0
BRDA:215,27,1,0
BRDA:235,28,0,0
BRDA:235,28,1,0
BRDA:241,29,0,0
BRDA:241,29,1,0
BRDA:266,30,0,0
BRDA:266,30,1,0
BRDA:273,31,0,0
BRDA:273,31,1,0
BRDA:293,32,0,0
BRDA:293,32,1,0
BRDA:305,33,0,0
BRDA:305,33,1,0
BRDA:309,34,0,0
BRDA:309,34,1,0
BRDA:312,35,0,0
BRDA:312,35,1,0
BRDA:319,36,0,0
BRDA:319,36,1,0
BRDA:363,37,0,0
BRDA:363,37,1,0
BRDA:369,38,0,0
BRDA:369,38,1,0
BRDA:374,39,0,0
BRDA:374,39,1,0
BRDA:401,40,0,0
BRDA:401,40,1,0
BRDA:407,41,0,0
BRDA:407,41,1,0
BRDA:487,42,0,0
BRDA:487,42,1,0
BRF:91
BRH:0
end_of_record
TN:
SF:src/components/ServiceList.jsx
FN:3,ServiceList
FN:30,(anonymous_1)
FNF:2
FNH:0
FNDA:0,ServiceList
FNDA:0,(anonymous_1)
DA:4,0
DA:5,0
DA:28,0
DA:31,0
LF:4
LH:0
BRDA:4,0,0,0
BRDA:4,0,1,0
BRDA:29,1,0,0
BRDA:29,1,1,0
BRF:4
BRH:0
end_of_record
TN:
SF:src/components/ServiceListView.jsx
FN:4,ServiceListView
FN:7,(anonymous_1)
FN:38,(anonymous_2)
FN:44,(anonymous_3)
FN:49,(anonymous_4)
FN:74,(anonymous_5)
FN:82,(anonymous_6)
FN:127,(anonymous_7)
FN:139,(anonymous_8)
FN:204,(anonymous_9)
FNF:10
FNH:0
FNDA:0,ServiceListView
FNDA:0,(anonymous_1)
FNDA:0,(anonymous_2)
FNDA:0,(anonymous_3)
FNDA:0,(anonymous_4)
FNDA:0,(anonymous_5)
FNDA:0,(anonymous_6)
FNDA:0,(anonymous_7)
FNDA:0,(anonymous_8)
FNDA:0,(anonymous_9)
DA:5,0
DA:7,0
DA:8,0
DA:35,0
DA:38,0
DA:39,0
DA:40,0
DA:41,0
DA:44,0
DA:45,0
DA:46,0
DA:49,0
DA:50,0
DA:51,0
DA:52,0
DA:61,0
DA:75,0
DA:76,0
DA:78,0
DA:82,0
DA:128,0
DA:129,0
DA:140,0
DA:141,0
DA:205,0
LF:25
LH:0
BRDA:35,0,0,0
BRDA:35,0,1,0
BRDA:39,1,0,0
BRDA:39,1,1,0
BRDA:40,2,0,0
BRDA:40,2,1,0
BRDA:45,3,0,0
BRDA:45,3,1,0
BRDA:45,4,0,0
BRDA:45,4,1,0
BRDA:50,5,0,0
BRDA:50,5,1,0
BRDA:62,6,0,0
BRDA:62,6,1,0
BRDA:64,7,0,0
BRDA:64,7,1,0
BRDA:81,8,0,0
BRDA:81,8,1,0
BRDA:82,9,0,0
BRDA:82,9,1,0
BRDA:115,10,0,0
BRDA:115,10,1,0
BRDA:151,11,0,0
BRDA:151,11,1,0
BRDA:162,12,0,0
BRDA:162,12,1,0
BRDA:200,13,0,0
BRDA:200,13,1,0
BRDA:200,13,2,0
BRDA:208,14,0,0
BRDA:208,14,1,0
BRDA:210,15,0,0
BRDA:210,15,1,0
BRF:33
BRH:0
end_of_record
TN:
SF:src/components/StatusPage.jsx
FN:65,ServiceStatus
FN:68,(anonymous_1)
FN:77,(anonymous_2)
FN:127,UptimeBar
FN:128,(anonymous_4)
FN:144,StatusPage
FN:150,(anonymous_6)
FN:165,(anonymous_7)
FN:169,(anonymous_8)
FN:302,(anonymous_9)
FN:345,StatCard
FN:354,TimeAgo
FN:357,(anonymous_12)
FN:358,(anonymous_13)
FN:374,(anonymous_14)
FNF:15
FNH:0
FNDA:0,ServiceStatus
FNDA:0,(anonymous_1)
FNDA:0,(anonymous_2)
FNDA:0,UptimeBar
FNDA:0,(anonymous_4)
FNDA:0,StatusPage
FNDA:0,(anonymous_6)
FNDA:0,(anonymous_7)
FNDA:0,(anonymous_8)
FNDA:0,(anonymous_9)
FNDA:0,StatCard
FNDA:0,TimeAgo
FNDA:0,(anonymous_12)
FNDA:0,(anonymous_13)
FNDA:0,(anonymous_14)
DA:16,0
DA:18,0
DA:56,0
DA:66,0
DA:68,0
DA:69,0
DA:70,0
DA:71,0
DA:72,0
DA:73,0
DA:77,0
DA:78,0
DA:79,0
DA:80,0
DA:81,0
DA:82,0
DA:86,0
DA:128,0
DA:129,0
DA:130,0
DA:131,0
DA:134,0
DA:145,0
DA:146,0
DA:147,0
DA:148,0
DA:150,0
DA:151,0
DA:152,0
DA:153,0
DA:154,0
DA:155,0
DA:156,0
DA:157,0
DA:159,0
DA:161,0
DA:165,0
DA:166,0
DA:168,0
DA:169,0
DA:172,0
DA:173,0
DA:183,0
DA:184,0
DA:203,0
DA:204,0
DA:206,0
DA:303,0
DA:346,0
DA:355,0
DA:357,0
DA:358,0
DA:359,0
DA:361,0
DA:362,0
DA:363,0
DA:364,0
DA:365,0
DA:367,0
DA:368,0
DA:372,0
DA:373,0
DA:374,0
DA:377,0
LF:64
LH:0
BRDA:16,0,0,0
BRDA:16,0,1,0
BRDA:66,1,0,0
BRDA:66,1,1,0
BRDA:69,2,0,0
BRDA:69,2,1,0
BRDA:69,2,2,0
BRDA:69,2,3,0
BRDA:78,3,0,0
BRDA:78,3,1,0
BRDA:78,3,2,0
BRDA:78,3,3,0
BRDA:105,4,0,0
BRDA:105,4,1,0
BRDA:108,5,0,0
BRDA:108,5,1,0
BRDA:114,6,0,0
BRDA:114,6,1,0
BRDA:115,7,0,0
BRDA:115,7,1,0
BRDA:116,8,0,0
BRDA:116,8,1,0
BRDA:129,9,0,0
BRDA:129,9,1,0
BRDA:130,10,0,0
BRDA:130,10,1,0
BRDA:153,11,0,0
BRDA:153,11,1,0
BRDA:172,12,0,0
BRDA:172,12,1,0
BRDA:183,13,0,0
BRDA:183,13,1,0
BRDA:203,14,0,0
BRDA:203,14,1,0
BRDA:249,15,0,0
BRDA:249,15,1,0
BRDA:263,16,0,0
BRDA:263,16,1,0
BRDA:269,17,0,0
BRDA:269,17,1,0
BRDA:275,18,0,0
BRDA:275,18,1,0
BRDA:281,19,0,0
BRDA:281,19,1,0
BRDA:293,20,0,0
BRDA:293,20,1,0
BRDA:310,21,0,0
BRDA:310,21,1,0
BRDA:361,22,0,0
BRDA:361,22,1,0
BRDA:363,23,0,0
BRDA:363,23,1,0
BRF:52
BRH:0
end_of_record
TN:
SF:src/components/ThemeToggle.jsx
FN:3,ThemeToggle
FNF:1
FNH:0
FNDA:0,ThemeToggle
DA:4,0
DA:6,0
LF:2
LH:0
BRDA:13,0,0,0
BRDA:13,0,1,0
BRDA:15,1,0,0
BRDA:15,1,1,0
BRF:4
BRH:0
end_of_record
TN:
SF:src/components/UptimeHeatmap.jsx
FN:6,getColorClass
FN:14,getTooltipText
FN:24,UptimeHeatmap
FN:30,(anonymous_3)
FN:34,(anonymous_4)
FN:59,(anonymous_5)
FN:80,(anonymous_6)
FN:102,(anonymous_7)
FN:112,(anonymous_8)
FN:122,(anonymous_9)
FN:138,(anonymous_10)
FN:147,(anonymous_11)
FN:149,(anonymous_12)
FN:157,(anonymous_13)
FNF:14
FNH:0
FNDA:0,getColorClass
FNDA:0,getTooltipText
FNDA:0,UptimeHeatmap
FNDA:0,(anonymous_3)
FNDA:0,(anonymous_4)
FNDA:0,(anonymous_5)
FNDA:0,(anonymous_6)
FNDA:0,(anonymous_7)
FNDA:0,(anonymous_8)
FNDA:0,(anonymous_9)
FNDA:0,(anonymous_10)
FNDA:0,(anonymous_11)
FNDA:0,(anonymous_12)
FNDA:0,(anonymous_13)
DA:4,0
DA:7,0
DA:8,0
DA:9,0
DA:10,0
DA:11,0
DA:15,0
DA:21,0
DA:25,0
DA:26,0
DA:27,0
DA:28,0
DA:30,0
DA:31,0
DA:34,0
DA:35,0
DA:36,0
DA:37,0
DA:42,0
DA:44,0
DA:45,0
DA:47,0
DA:49,0
DA:53,0
DA:54,0
DA:60,0
DA:68,0
DA:69,0
DA:77,0
DA:78,0
DA:80,0
DA:81,0
DA:82,0
DA:83,0
DA:84,0
DA:88,0
DA:90,0
DA:102,0
DA:112,0
DA:122,0
DA:139,0
DA:148,0
DA:150,0
DA:158,0
LF:44
LH:0
BRDA:4,0,0,0
BRDA:4,0,1,0
BRDA:7,1,0,0
BRDA:7,1,1,0
BRDA:8,2,0,0
BRDA:8,2,1,0
BRDA:9,3,0,0
BRDA:9,3,1,0
BRDA:10,4,0,0
BRDA:10,4,1,0
BRDA:24,5,0,0
BRDA:42,6,0,0
BRDA:42,6,1,0
BRDA:53,7,0,0
BRDA:53,7,1,0
BRDA:68,8,0,0
BRDA:68,8,1,0
BRDA:82,9,0,0
BRDA:82,9,1,0
BRDA:82,10,0,0
BRDA:82,10,1,0
BRDA:104,11,0,0
BRDA:104,11,1,0
BRDA:114,12,0,0
BRDA:114,12,1,0
BRDA:124,13,0,0
BRDA:124,13,1,0
BRDA:156,14,0,0
BRDA:156,14,1,0
BRF:29
BRH:0
end_of_record
TN:
SF:src/components/ui/Badge.jsx
FN:1,(anonymous_0)
FNF:1
FNH:0
FNDA:0,(anonymous_0)
DA:1,0
DA:7,0
DA:16,0
DA:22,0
LF:4
LH:0
BRDA:3,0,0,0
BRDA:4,1,0,0
BRDA:5,2,0,0
BRF:3
BRH:0
end_of_record
TN:
SF:src/components/ui/Button.jsx
FN:3,(anonymous_0)
FNF:1
FNH:1
FNDA:14,(anonymous_0)
DA:3,1
DA:14,14
DA:16,14
DA:27,14
DA:35,14
DA:61,1
LF:6
LH:6
BRDA:5,0,0,12
BRDA:6,1,0,12
BRDA:7,2,0,13
BRDA:10,3,0,14
BRDA:39,4,0,14
BRDA:39,4,1,11
BRDA:42,5,0,1
BRDA:42,5,1,13
BRDA:52,6,0,13
BRDA:52,6,1,1
BRDA:54,7,0,13
BRDA:54,7,1,1
BRF:12
BRH:12
end_of_record
TN:
SF:src/components/ui/Card.jsx
FN:3,(anonymous_0)
FNF:1
FNH:0
FNDA:0,(anonymous_0)
DA:3,0
DA:11,0
DA:18,0
DA:38,0
LF:4
LH:0
BRDA:5,0,0,0
BRDA:6,1,0,0
BRDA:7,2,0,0
BRDA:8,3,0,0
BRDA:24,4,0,0
BRDA:24,4,1,0
BRDA:25,5,0,0
BRDA:25,5,1,0
BRDA:30,6,0,0
BRDA:30,6,1,0
BRF:10
BRH:0
end_of_record
TN:
SF:src/components/ui/Input.jsx
FN:3,(anonymous_0)
FNF:1
FNH:0
FNDA:0,(anonymous_0)
DA:3,0
DA:13,0
DA:65,0
LF:3
LH:0
BRDA:9,0,0,0
BRDA:10,1,0,0
BRDA:15,2,0,0
BRDA:15,2,1,0
BRDA:21,3,0,0
BRDA:21,3,1,0
BRDA:32,4,0,0
BRDA:32,4,1,0
BRDA:33,5,0,0
BRDA:33,5,1,0
BRDA:34,6,0,0
BRDA:34,6,1,0
BRDA:42,7,0,0
BRDA:42,7,1,0
BRDA:48,8,0,0
BRDA:48,8,1,0
BRDA:56,9,0,0
BRDA:56,9,1,0
BRDA:56,9,2,0
BRF:19
BRH:0
end_of_record
TN:
SF:src/components/ui/Skeleton.jsx
FN:1,Skeleton
FN:20,ServiceCardSkeleton
FN:57,DashboardStatsSkeleton
FN:60,(anonymous_3)
FN:75,ServiceListSkeleton
FN:78,(anonymous_5)
FN:85,TableRowSkeleton
FNF:7
FNH:0
FNDA:0,Skeleton
FNDA:0,ServiceCardSkeleton
FNDA:0,DashboardStatsSkeleton
FNDA:0,(anonymous_3)
FNDA:0,ServiceListSkeleton
FNDA:0,(anonymous_5)
FNDA:0,TableRowSkeleton
DA:2,0
DA:4,0
DA:12,0
DA:21,0
DA:58,0
DA:61,0
DA:76,0
DA:79,0
DA:86,0
LF:9
LH:0
BRDA:1,0,0,0
BRDA:1,1,0,0
BRDA:75,2,0,0
BRF:3
BRH:0
end_of_record
TN:
SF:src/components/ui/Tooltip.jsx
FN:3,Tooltip
FN:23,(anonymous_1)
FN:24,(anonymous_2)
FNF:3
FNH:0
FNDA:0,Tooltip
FNDA:0,(anonymous_1)
FNDA:0,(anonymous_2)
DA:4,0
DA:6,0
DA:13,0
DA:20,0
DA:23,0
DA:24,0
LF:6
LH:0
BRDA:3,0,0,0
BRDA:28,1,0,0
BRDA:28,1,1,0
BRF:3
BRH:0
end_of_record
TN:
SF:src/context/AuthContext.jsx
FN:6,AuthProvider
FN:11,(anonymous_1)
FN:15,(anonymous_2)
FN:30,(anonymous_3)
FN:53,(anonymous_4)
FNF:5
FNH:0
FNDA:0,AuthProvider
FNDA:0,(anonymous_1)
FNDA:0,(anonymous_2)
FNDA:0,(anonymous_3)
FNDA:0,(anonymous_4)
DA:4,0
DA:7,0
DA:8,0
DA:11,0
DA:12,0
DA:15,0
DA:16,0
DA:17,0
DA:20,0
DA:21,0
DA:23,0
DA:24,0
DA:26,0
DA:30,0
DA:31,0
DA:32,0
DA:39,0
DA:41,0
DA:42,0
DA:43,0
DA:45,0
DA:48,0
DA:49,0
DA:53,0
DA:54,0
DA:55,0
DA:59,0
DA:61,0
DA:65,0
DA:73,0
LF:30
LH:0
BRDA:4,0,0,0
BRDA:4,0,1,0
BRDA:41,1,0,0
BRDA:41,1,1,0
BRF:4
BRH:0
end_of_record
TN:
SF:src/context/ConfirmContext.jsx
FN:7,ConfirmProvider
FN:19,(anonymous_1)
FN:20,(anonymous_2)
FN:28,(anonymous_3)
FN:29,(anonymous_4)
FN:32,(anonymous_5)
FN:33,(anonymous_6)
FN:40,(anonymous_7)
FN:41,(anonymous_8)
FN:62,ConfirmModal
FNF:10
FNH:0
FNDA:0,ConfirmProvider
FNDA:0,(anonymous_1)
FNDA:0,(anonymous_2)
FNDA:0,(anonymous_3)
FNDA:0,(anonymous_4)
FNDA:0,(anonymous_5)
FNDA:0,(anonymous_6)
FNDA:0,(anonymous_7)
FNDA:0,(anonymous_8)
FNDA:0,ConfirmModal
DA:3,0
DA:8,0
DA:19,0
DA:20,0
DA:21,0
DA:29,0
DA:30,0
DA:33,0
DA:34,0
DA:40,0
DA:41,0
DA:44,0
DA:73,0
DA:75,0
DA:90,0
DA:108,0
LF:16
LH:0
BRDA:23,0,0,0
BRDA:23,0,1,0
BRDA:24,1,0,0
BRDA:24,1,1,0
BRDA:25,2,0,0
BRDA:25,2,1,0
BRDA:26,3,0,0
BRDA:26,3,1,0
BRDA:27,4,0,0
BRDA:27,4,1,0
BRDA:73,5,0,0
BRDA:73,5,1,0
BRF:12
BRH:0
end_of_record
TN:
SF:src/context/ThemeContext.jsx
FN:5,(anonymous_0)
FN:18,ThemeProvider
FN:23,(anonymous_2)
FN:38,(anonymous_3)
FN:43,(anonymous_4)
FN:45,(anonymous_5)
FN:53,(anonymous_6)
FN:56,(anonymous_7)
FN:57,(anonymous_8)
FNF:9
FNH:8
FNDA:3,(anonymous_0)
FNDA:4,ThemeProvider
FNDA:4,(anonymous_2)
FNDA:4,(anonymous_3)
FNDA:3,(anonymous_4)
FNDA:0,(anonymous_5)
FNDA:3,(anonymous_6)
FNDA:1,(anonymous_7)
FNDA:1,(anonymous_8)
DA:5,1
DA:6,3
DA:8,3
DA:9,3
DA:11,3
DA:12,0
DA:15,3
DA:19,4
DA:20,4
DA:23,4
DA:24,4
DA:26,4
DA:28,4
DA:29,1
DA:31,3
DA:34,4
DA:38,4
DA:39,4
DA:43,4
DA:44,3
DA:45,3
DA:46,0
DA:47,0
DA:48,0
DA:52,3
DA:53,3
DA:56,4
DA:57,1
DA:58,1
DA:60,1
DA:61,1
DA:62,1
DA:64,0
DA:66,1
DA:67,1
DA:71,4
LF:36
LH:31
BRDA:6,0,0,0
BRDA:6,0,1,3
BRDA:9,1,0,0
BRDA:9,1,1,3
BRDA:11,2,0,0
BRDA:11,2,1,3
BRDA:24,3,0,0
BRDA:24,3,1,4
BRDA:28,4,0,1
BRDA:28,4,1,3
BRDA:47,5,0,0
BRDA:47,5,1,0
BRDA:48,6,0,0
BRDA:48,6,1,0
BRDA:58,7,0,1
BRDA:58,7,1,0
BRDA:61,8,0,1
BRDA:61,8,1,0
BRF:18
BRH:8
end_of_record
TN:
SF:src/context/ToastContext.jsx
FN:7,ToastProvider
FN:10,(anonymous_1)
FN:11,(anonymous_2)
FN:11,(anonymous_3)
FN:14,(anonymous_4)
FN:17,(anonymous_5)
FN:20,(anonymous_6)
FN:27,(anonymous_7)
FN:31,(anonymous_8)
FN:35,(anonymous_9)
FN:39,(anonymous_10)
FN:51,ToastContainer
FN:56,(anonymous_12)
FN:63,Toast
FN:88,(anonymous_14)
FNF:15
FNH:0
FNDA:0,ToastProvider
FNDA:0,(anonymous_1)
FNDA:0,(anonymous_2)
FNDA:0,(anonymous_3)
FNDA:0,(anonymous_4)
FNDA:0,(anonymous_5)
FNDA:0,(anonymous_6)
FNDA:0,(anonymous_7)
FNDA:0,(anonymous_8)
FNDA:0,(anonymous_9)
FNDA:0,(anonymous_10)
FNDA:0,ToastContainer
FNDA:0,(anonymous_12)
FNDA:0,Toast
FNDA:0,(anonymous_14)
DA:3,0
DA:8,0
DA:10,0
DA:11,0
DA:14,0
DA:15,0
DA:16,0
DA:17,0
DA:20,0
DA:21,0
DA:24,0
DA:27,0
DA:28,0
DA:31,0
DA:32,0
DA:35,0
DA:36,0
DA:39,0
DA:40,0
DA:43,0
DA:52,0
DA:54,0
DA:57,0
DA:64,0
DA:71,0
DA:78,0
DA:88,0
LF:27
LH:0
BRDA:14,0,0,0
BRDA:14,1,0,0
BRDA:52,2,0,0
BRDA:52,2,1,0
BRF:4
BRH:0
end_of_record
TN:
SF:src/context/auth.js
FNF:0
FNH:0
DA:3,0
LF:1
LH:0
BRF:0
BRH:0
end_of_record
TN:
SF:src/context/theme.js
FN:5,(anonymous_0)
FNF:1
FNH:0
FNDA:0,(anonymous_0)
DA:3,1
DA:5,1
DA:6,0
DA:7,0
DA:8,0
DA:10,0
LF:6
LH:2
BRDA:7,0,0,0
BRDA:7,0,1,0
BRF:2
BRH:0
end_of_record
TN:
SF:src/hooks/useAuth.js
FN:4,useAuth
FNF:1
FNH:0
FNDA:0,useAuth
DA:5,0
DA:6,0
DA:7,0
DA:9,0
LF:4
LH:0
BRDA:6,0,0,0
BRDA:6,0,1,0
BRF:2
BRH:0
end_of_record
TN:
SF:src/hooks/useCompactMode.js
FN:5,useCompactMode
FN:6,(anonymous_1)
FN:11,(anonymous_2)
FN:22,(anonymous_3)
FN:22,(anonymous_4)
FNF:5
FNH:0
FNDA:0,useCompactMode
FNDA:0,(anonymous_1)
FNDA:0,(anonymous_2)
FNDA:0,(anonymous_3)
FNDA:0,(anonymous_4)
DA:3,0
DA:6,0
DA:7,0
DA:8,0
DA:11,0
DA:12,0
DA:15,0
DA:16,0
DA:18,0
DA:22,0
DA:24,0
LF:11
LH:0
BRDA:8,0,0,0
BRDA:8,0,1,0
BRDA:15,1,0,0
BRDA:15,1,1,0
BRF:4
BRH:0
end_of_record
TN:
SF:src/hooks/useConfirm.js
FN:4,useConfirm
FNF:1
FNH:0
FNDA:0,useConfirm
DA:5,0
DA:6,0
DA:7,0
DA:9,0
LF:4
LH:0
BRDA:6,0,0,0
BRDA:6,0,1,0
BRF:2
BRH:0
end_of_record
TN:
SF:src/hooks/useKeyboardShortcuts.js
FN:3,useKeyboardShortcuts
FN:4,(anonymous_1)
FN:34,(anonymous_2)
FN:36,(anonymous_3)
FNF:4
FNH:0
FNDA:0,useKeyboardShortcuts
FNDA:0,(anonymous_1)
FNDA:0,(anonymous_2)
FNDA:0,(anonymous_3)
DA:4,0
DA:6,0
DA:10,0
DA:13,0
DA:14,0
DA:15,0
DA:16,0
DA:18,0
DA:19,0
DA:21,0
DA:22,0
DA:23,0
DA:24,0
DA:26,0
DA:27,0
DA:28,0
DA:29,0
DA:34,0
DA:35,0
DA:36,0
LF:20
LH:0
BRDA:6,0,0,0
BRDA:6,0,1,0
BRDA:6,1,0,0
BRDA:6,1,1,0
BRDA:6,1,2,0
BRDA:10,2,0,0
BRDA:10,2,1,0
BRDA:14,3,0,0
BRDA:14,3,1,0
BRDA:26,4,0,0
BRDA:26,4,1,0
BRDA:26,5,0,0
BRDA:26,5,1,0
BRDA:26,5,2,0
BRDA:26,5,3,0
BRF:15
BRH:0
end_of_record
TN:
SF:src/hooks/useTheme.js
FN:4,useTheme
FNF:1
FNH:1
FNDA:4,useTheme
DA:5,4
DA:6,4
DA:7,0
DA:9,4
LF:4
LH:3
BRDA:6,0,0,0
BRDA:6,0,1,4
BRF:2
BRH:1
end_of_record
TN:
SF:src/hooks/useToast.js
FN:4,useToast
FNF:1
FNH:0
FNDA:0,useToast
DA:5,0
DA:6,0
DA:7,0
DA:9,0
LF:4
LH:0
BRDA:6,0,0,0
BRDA:6,0,1,0
BRF:2
BRH:0
end_of_record
TN:
SF:src/utils/exportData.js
FN:5,exportToJSON
FN:19,exportToCSV
FN:34,(anonymous_2)
FN:47,(anonymous_3)
FN:58,(anonymous_4)
FN:74,generateReport
FN:76,(anonymous_6)
FN:77,(anonymous_7)
FN:78,(anonymous_8)
FN:79,(anonymous_9)
FN:81,(anonymous_10)
FN:82,(anonymous_11)
FN:95,(anonymous_12)
FN:109,exportReport
FNF:14
FNH:5
FNDA:3,exportToJSON
FNDA:3,exportToCSV
FNDA:4,(anonymous_2)
FNDA:36,(anonymous_3)
FNDA:4,(anonymous_4)
FNDA:0,generateReport
FNDA:0,(anonymous_6)
FNDA:0,(anonymous_7)
FNDA:0,(anonymous_8)
FNDA:0,(anonymous_9)
FNDA:0,(anonymous_10)
FNDA:0,(anonymous_11)
FNDA:0,(anonymous_12)
FNDA:0,exportReport
DA:6,3
DA:7,3
DA:8,3
DA:10,3
DA:11,3
DA:12,3
DA:13,3
DA:14,3
DA:15,3
DA:16,3
DA:21,3
DA:34,4
DA:47,3
DA:48,36
DA:49,32
DA:50,32
DA:51,2
DA:53,30
DA:56,3
DA:58,4
DA:62,3
DA:63,3
DA:65,3
DA:66,3
DA:67,3
DA:68,3
DA:69,3
DA:70,3
DA:71,3
DA:75,0
DA:76,0
DA:77,0
DA:78,0
DA:79,0
DA:81,0
DA:82,0
DA:84,0
DA:95,0
DA:106,0
DA:110,0
DA:111,0
DA:112,0
DA:113,0
DA:115,0
DA:116,0
DA:117,0
DA:118,0
DA:119,0
DA:120,0
DA:121,0
LF:50
LH:29
BRDA:5,0,0,0
BRDA:19,1,0,0
BRDA:37,2,0,4
BRDA:37,2,1,0
BRDA:38,3,0,4
BRDA:38,3,1,4
BRDA:39,4,0,0
BRDA:39,4,1,4
BRDA:40,5,0,0
BRDA:40,5,1,4
BRDA:41,6,0,0
BRDA:41,6,1,4
BRDA:42,7,0,0
BRDA:42,7,1,4
BRDA:43,8,0,0
BRDA:43,8,1,4
BRDA:48,9,0,4
BRDA:48,9,1,32
BRDA:48,10,0,36
BRDA:48,10,1,36
BRDA:50,11,0,2
BRDA:50,11,1,30
BRDA:50,12,0,32
BRDA:50,12,1,31
BRDA:50,12,2,30
BRDA:79,13,0,0
BRDA:79,13,1,0
BRDA:81,14,0,0
BRDA:81,14,1,0
BRDA:82,15,0,0
BRDA:82,15,1,0
BRDA:102,16,0,0
BRDA:102,16,1,0
BRDA:109,17,0,0
BRF:34
BRH:17
end_of_record
